ERROR - 2024-12-20 00:35:32 --> Error connecting to the database: mysqli_sql_exception: No connection could be made because the target machine actively refused it in C:\Users\Administrator\tokoOnlineCi4\system\Database\MySQLi\Connection.php:186
Stack trace:
#0 C:\Users\Administrator\tokoOnlineCi4\system\Database\MySQLi\Connection.php(186): mysqli->real_connect('localhost', 'root', Object(SensitiveParameterValue), 'tokoOnline', 3306, '', 0)
#1 C:\Users\Administrator\tokoOnlineCi4\system\Database\BaseConnection.php(421): CodeIgniter\Database\MySQLi\Connection->connect(false)
#2 C:\Users\Administrator\tokoOnlineCi4\system\Database\BaseConnection.php(616): CodeIgniter\Database\BaseConnection->initialize()
#3 C:\Users\Administrator\tokoOnlineCi4\system\Database\BaseBuilder.php(1644): CodeIgniter\Database\BaseConnection->query('SELECT *\nFROM `...', Array, false)
#4 C:\Users\Administrator\tokoOnlineCi4\system\Model.php(286): CodeIgniter\Database\BaseBuilder->get()
#5 C:\Users\Administrator\tokoOnlineCi4\system\BaseModel.php(676): CodeIgniter\Model->doFindAll(0, 0)
#6 C:\Users\Administrator\tokoOnlineCi4\app\Controllers\Admin.php(19): CodeIgniter\BaseModel->findAll()
#7 C:\Users\Administrator\tokoOnlineCi4\system\CodeIgniter.php(933): App\Controllers\Admin->kategoriProduk()
#8 C:\Users\Administrator\tokoOnlineCi4\system\CodeIgniter.php(509): CodeIgniter\CodeIgniter->runController(Object(App\Controllers\Admin))
#9 C:\Users\Administrator\tokoOnlineCi4\system\CodeIgniter.php(355): CodeIgniter\CodeIgniter->handleRequest(NULL, Object(Config\Cache), false)
#10 C:\Users\Administrator\tokoOnlineCi4\system\Boot.php(325): CodeIgniter\CodeIgniter->run()
#11 C:\Users\Administrator\tokoOnlineCi4\system\Boot.php(67): CodeIgniter\Boot::runCodeIgniter(Object(CodeIgniter\CodeIgniter))
#12 C:\Users\Administrator\tokoOnlineCi4\public\index.php(56): CodeIgniter\Boot::bootWeb(Object(Config\Paths))
#13 C:\Users\Administrator\tokoOnlineCi4\system\rewrite.php(44): require_once('C:\\Users\\Admini...')
#14 {main}

Next CodeIgniter\Database\Exceptions\DatabaseException: No connection could be made because the target machine actively refused it in C:\Users\Administrator\tokoOnlineCi4\system\Database\MySQLi\Connection.php:231
Stack trace:
#0 C:\Users\Administrator\tokoOnlineCi4\system\Database\BaseConnection.php(421): CodeIgniter\Database\MySQLi\Connection->connect(false)
#1 C:\Users\Administrator\tokoOnlineCi4\system\Database\BaseConnection.php(616): CodeIgniter\Database\BaseConnection->initialize()
#2 C:\Users\Administrator\tokoOnlineCi4\system\Database\BaseBuilder.php(1644): CodeIgniter\Database\BaseConnection->query('SELECT *\nFROM `...', Array, false)
#3 C:\Users\Administrator\tokoOnlineCi4\system\Model.php(286): CodeIgniter\Database\BaseBuilder->get()
#4 C:\Users\Administrator\tokoOnlineCi4\system\BaseModel.php(676): CodeIgniter\Model->doFindAll(0, 0)
#5 C:\Users\Administrator\tokoOnlineCi4\app\Controllers\Admin.php(19): CodeIgniter\BaseModel->findAll()
#6 C:\Users\Administrator\tokoOnlineCi4\system\CodeIgniter.php(933): App\Controllers\Admin->kategoriProduk()
#7 C:\Users\Administrator\tokoOnlineCi4\system\CodeIgniter.php(509): CodeIgniter\CodeIgniter->runController(Object(App\Controllers\Admin))
#8 C:\Users\Administrator\tokoOnlineCi4\system\CodeIgniter.php(355): CodeIgniter\CodeIgniter->handleRequest(NULL, Object(Config\Cache), false)
#9 C:\Users\Administrator\tokoOnlineCi4\system\Boot.php(325): CodeIgniter\CodeIgniter->run()
#10 C:\Users\Administrator\tokoOnlineCi4\system\Boot.php(67): CodeIgniter\Boot::runCodeIgniter(Object(CodeIgniter\CodeIgniter))
#11 C:\Users\Administrator\tokoOnlineCi4\public\index.php(56): CodeIgniter\Boot::bootWeb(Object(Config\Paths))
#12 C:\Users\Administrator\tokoOnlineCi4\system\rewrite.php(44): require_once('C:\\Users\\Admini...')
#13 {main}
CRITICAL - 2024-12-20 00:35:32 --> CodeIgniter\Database\Exceptions\DatabaseException: Unable to connect to the database.
Main connection [MySQLi]: No connection could be made because the target machine actively refused it
[Method: GET, Route: kategoriProduk]
in SYSTEMPATH\Database\BaseConnection.php on line 467.
 1 SYSTEMPATH\Database\BaseConnection.php(616): CodeIgniter\Database\BaseConnection->initialize()
 2 SYSTEMPATH\Database\BaseBuilder.php(1644): CodeIgniter\Database\BaseConnection->query('SELECT *
FROM `kategoriproduk`', [], false)
 3 SYSTEMPATH\Model.php(286): CodeIgniter\Database\BaseBuilder->get()
 4 SYSTEMPATH\BaseModel.php(676): CodeIgniter\Model->doFindAll(0, 0)
 5 APPPATH\Controllers\Admin.php(19): CodeIgniter\BaseModel->findAll()
 6 SYSTEMPATH\CodeIgniter.php(933): App\Controllers\Admin->kategoriProduk()
 7 SYSTEMPATH\CodeIgniter.php(509): CodeIgniter\CodeIgniter->runController(Object(App\Controllers\Admin))
 8 SYSTEMPATH\CodeIgniter.php(355): CodeIgniter\CodeIgniter->handleRequest(null, Object(Config\Cache), false)
 9 SYSTEMPATH\Boot.php(325): CodeIgniter\CodeIgniter->run()
10 SYSTEMPATH\Boot.php(67): CodeIgniter\Boot::runCodeIgniter(Object(CodeIgniter\CodeIgniter))
11 FCPATH\index.php(56): CodeIgniter\Boot::bootWeb(Object(Config\Paths))
12 SYSTEMPATH\rewrite.php(44): require_once('C:\\Users\\Administrator\\tokoOnlineCi4\\public\\index.php')
INFO - 2024-12-20 00:48:18 --> Session: Class initialized using 'CodeIgniter\Session\Handlers\FileHandler' driver.
INFO - 2024-12-20 01:49:11 --> Session: Class initialized using 'CodeIgniter\Session\Handlers\FileHandler' driver.
ERROR - 2024-12-20 07:59:19 --> Error connecting to the database: mysqli_sql_exception: No connection could be made because the target machine actively refused it in C:\Users\Administrator\tokoOnlineCi4\system\Database\MySQLi\Connection.php:186
Stack trace:
#0 C:\Users\Administrator\tokoOnlineCi4\system\Database\MySQLi\Connection.php(186): mysqli->real_connect('localhost', 'root', Object(SensitiveParameterValue), 'tokoOnline', 3306, '', 0)
#1 C:\Users\Administrator\tokoOnlineCi4\system\Database\BaseConnection.php(421): CodeIgniter\Database\MySQLi\Connection->connect(false)
#2 C:\Users\Administrator\tokoOnlineCi4\system\Database\BaseConnection.php(616): CodeIgniter\Database\BaseConnection->initialize()
#3 C:\Users\Administrator\tokoOnlineCi4\system\Database\BaseBuilder.php(1644): CodeIgniter\Database\BaseConnection->query('SELECT *\nFROM `...', Array, false)
#4 C:\Users\Administrator\tokoOnlineCi4\system\Model.php(286): CodeIgniter\Database\BaseBuilder->get()
#5 C:\Users\Administrator\tokoOnlineCi4\system\BaseModel.php(676): CodeIgniter\Model->doFindAll(0, 0)
#6 C:\Users\Administrator\tokoOnlineCi4\app\Controllers\Admin.php(19): CodeIgniter\BaseModel->findAll()
#7 C:\Users\Administrator\tokoOnlineCi4\system\CodeIgniter.php(933): App\Controllers\Admin->kategoriProduk()
#8 C:\Users\Administrator\tokoOnlineCi4\system\CodeIgniter.php(509): CodeIgniter\CodeIgniter->runController(Object(App\Controllers\Admin))
#9 C:\Users\Administrator\tokoOnlineCi4\system\CodeIgniter.php(355): CodeIgniter\CodeIgniter->handleRequest(NULL, Object(Config\Cache), false)
#10 C:\Users\Administrator\tokoOnlineCi4\system\Boot.php(325): CodeIgniter\CodeIgniter->run()
#11 C:\Users\Administrator\tokoOnlineCi4\system\Boot.php(67): CodeIgniter\Boot::runCodeIgniter(Object(CodeIgniter\CodeIgniter))
#12 C:\Users\Administrator\tokoOnlineCi4\public\index.php(56): CodeIgniter\Boot::bootWeb(Object(Config\Paths))
#13 C:\Users\Administrator\tokoOnlineCi4\system\rewrite.php(44): require_once('C:\\Users\\Admini...')
#14 {main}

Next CodeIgniter\Database\Exceptions\DatabaseException: No connection could be made because the target machine actively refused it in C:\Users\Administrator\tokoOnlineCi4\system\Database\MySQLi\Connection.php:231
Stack trace:
#0 C:\Users\Administrator\tokoOnlineCi4\system\Database\BaseConnection.php(421): CodeIgniter\Database\MySQLi\Connection->connect(false)
#1 C:\Users\Administrator\tokoOnlineCi4\system\Database\BaseConnection.php(616): CodeIgniter\Database\BaseConnection->initialize()
#2 C:\Users\Administrator\tokoOnlineCi4\system\Database\BaseBuilder.php(1644): CodeIgniter\Database\BaseConnection->query('SELECT *\nFROM `...', Array, false)
#3 C:\Users\Administrator\tokoOnlineCi4\system\Model.php(286): CodeIgniter\Database\BaseBuilder->get()
#4 C:\Users\Administrator\tokoOnlineCi4\system\BaseModel.php(676): CodeIgniter\Model->doFindAll(0, 0)
#5 C:\Users\Administrator\tokoOnlineCi4\app\Controllers\Admin.php(19): CodeIgniter\BaseModel->findAll()
#6 C:\Users\Administrator\tokoOnlineCi4\system\CodeIgniter.php(933): App\Controllers\Admin->kategoriProduk()
#7 C:\Users\Administrator\tokoOnlineCi4\system\CodeIgniter.php(509): CodeIgniter\CodeIgniter->runController(Object(App\Controllers\Admin))
#8 C:\Users\Administrator\tokoOnlineCi4\system\CodeIgniter.php(355): CodeIgniter\CodeIgniter->handleRequest(NULL, Object(Config\Cache), false)
#9 C:\Users\Administrator\tokoOnlineCi4\system\Boot.php(325): CodeIgniter\CodeIgniter->run()
#10 C:\Users\Administrator\tokoOnlineCi4\system\Boot.php(67): CodeIgniter\Boot::runCodeIgniter(Object(CodeIgniter\CodeIgniter))
#11 C:\Users\Administrator\tokoOnlineCi4\public\index.php(56): CodeIgniter\Boot::bootWeb(Object(Config\Paths))
#12 C:\Users\Administrator\tokoOnlineCi4\system\rewrite.php(44): require_once('C:\\Users\\Admini...')
#13 {main}
CRITICAL - 2024-12-20 07:59:19 --> CodeIgniter\Database\Exceptions\DatabaseException: Unable to connect to the database.
Main connection [MySQLi]: No connection could be made because the target machine actively refused it
[Method: GET, Route: kategoriProduk]
in SYSTEMPATH\Database\BaseConnection.php on line 467.
 1 SYSTEMPATH\Database\BaseConnection.php(616): CodeIgniter\Database\BaseConnection->initialize()
 2 SYSTEMPATH\Database\BaseBuilder.php(1644): CodeIgniter\Database\BaseConnection->query('SELECT *
FROM `kategoriproduk`', [], false)
 3 SYSTEMPATH\Model.php(286): CodeIgniter\Database\BaseBuilder->get()
 4 SYSTEMPATH\BaseModel.php(676): CodeIgniter\Model->doFindAll(0, 0)
 5 APPPATH\Controllers\Admin.php(19): CodeIgniter\BaseModel->findAll()
 6 SYSTEMPATH\CodeIgniter.php(933): App\Controllers\Admin->kategoriProduk()
 7 SYSTEMPATH\CodeIgniter.php(509): CodeIgniter\CodeIgniter->runController(Object(App\Controllers\Admin))
 8 SYSTEMPATH\CodeIgniter.php(355): CodeIgniter\CodeIgniter->handleRequest(null, Object(Config\Cache), false)
 9 SYSTEMPATH\Boot.php(325): CodeIgniter\CodeIgniter->run()
10 SYSTEMPATH\Boot.php(67): CodeIgniter\Boot::runCodeIgniter(Object(CodeIgniter\CodeIgniter))
11 FCPATH\index.php(56): CodeIgniter\Boot::bootWeb(Object(Config\Paths))
12 SYSTEMPATH\rewrite.php(44): require_once('C:\\Users\\Administrator\\tokoOnlineCi4\\public\\index.php')
ERROR - 2024-12-20 07:59:21 --> Error connecting to the database: mysqli_sql_exception: No connection could be made because the target machine actively refused it in C:\Users\Administrator\tokoOnlineCi4\system\Database\MySQLi\Connection.php:186
Stack trace:
#0 C:\Users\Administrator\tokoOnlineCi4\system\Database\MySQLi\Connection.php(186): mysqli->real_connect('localhost', 'root', Object(SensitiveParameterValue), 'tokoOnline', 3306, '', 0)
#1 C:\Users\Administrator\tokoOnlineCi4\system\Database\BaseConnection.php(421): CodeIgniter\Database\MySQLi\Connection->connect(false)
#2 C:\Users\Administrator\tokoOnlineCi4\system\Database\BaseConnection.php(616): CodeIgniter\Database\BaseConnection->initialize()
#3 C:\Users\Administrator\tokoOnlineCi4\system\Database\BaseBuilder.php(1644): CodeIgniter\Database\BaseConnection->query('SELECT *\nFROM `...', Array, false)
#4 C:\Users\Administrator\tokoOnlineCi4\system\Model.php(286): CodeIgniter\Database\BaseBuilder->get()
#5 C:\Users\Administrator\tokoOnlineCi4\system\BaseModel.php(676): CodeIgniter\Model->doFindAll(0, 0)
#6 C:\Users\Administrator\tokoOnlineCi4\app\Controllers\Admin.php(19): CodeIgniter\BaseModel->findAll()
#7 C:\Users\Administrator\tokoOnlineCi4\system\CodeIgniter.php(933): App\Controllers\Admin->kategoriProduk()
#8 C:\Users\Administrator\tokoOnlineCi4\system\CodeIgniter.php(509): CodeIgniter\CodeIgniter->runController(Object(App\Controllers\Admin))
#9 C:\Users\Administrator\tokoOnlineCi4\system\CodeIgniter.php(355): CodeIgniter\CodeIgniter->handleRequest(NULL, Object(Config\Cache), false)
#10 C:\Users\Administrator\tokoOnlineCi4\system\Boot.php(325): CodeIgniter\CodeIgniter->run()
#11 C:\Users\Administrator\tokoOnlineCi4\system\Boot.php(67): CodeIgniter\Boot::runCodeIgniter(Object(CodeIgniter\CodeIgniter))
#12 C:\Users\Administrator\tokoOnlineCi4\public\index.php(56): CodeIgniter\Boot::bootWeb(Object(Config\Paths))
#13 C:\Users\Administrator\tokoOnlineCi4\system\rewrite.php(44): require_once('C:\\Users\\Admini...')
#14 {main}

Next CodeIgniter\Database\Exceptions\DatabaseException: No connection could be made because the target machine actively refused it in C:\Users\Administrator\tokoOnlineCi4\system\Database\MySQLi\Connection.php:231
Stack trace:
#0 C:\Users\Administrator\tokoOnlineCi4\system\Database\BaseConnection.php(421): CodeIgniter\Database\MySQLi\Connection->connect(false)
#1 C:\Users\Administrator\tokoOnlineCi4\system\Database\BaseConnection.php(616): CodeIgniter\Database\BaseConnection->initialize()
#2 C:\Users\Administrator\tokoOnlineCi4\system\Database\BaseBuilder.php(1644): CodeIgniter\Database\BaseConnection->query('SELECT *\nFROM `...', Array, false)
#3 C:\Users\Administrator\tokoOnlineCi4\system\Model.php(286): CodeIgniter\Database\BaseBuilder->get()
#4 C:\Users\Administrator\tokoOnlineCi4\system\BaseModel.php(676): CodeIgniter\Model->doFindAll(0, 0)
#5 C:\Users\Administrator\tokoOnlineCi4\app\Controllers\Admin.php(19): CodeIgniter\BaseModel->findAll()
#6 C:\Users\Administrator\tokoOnlineCi4\system\CodeIgniter.php(933): App\Controllers\Admin->kategoriProduk()
#7 C:\Users\Administrator\tokoOnlineCi4\system\CodeIgniter.php(509): CodeIgniter\CodeIgniter->runController(Object(App\Controllers\Admin))
#8 C:\Users\Administrator\tokoOnlineCi4\system\CodeIgniter.php(355): CodeIgniter\CodeIgniter->handleRequest(NULL, Object(Config\Cache), false)
#9 C:\Users\Administrator\tokoOnlineCi4\system\Boot.php(325): CodeIgniter\CodeIgniter->run()
#10 C:\Users\Administrator\tokoOnlineCi4\system\Boot.php(67): CodeIgniter\Boot::runCodeIgniter(Object(CodeIgniter\CodeIgniter))
#11 C:\Users\Administrator\tokoOnlineCi4\public\index.php(56): CodeIgniter\Boot::bootWeb(Object(Config\Paths))
#12 C:\Users\Administrator\tokoOnlineCi4\system\rewrite.php(44): require_once('C:\\Users\\Admini...')
#13 {main}
CRITICAL - 2024-12-20 07:59:21 --> CodeIgniter\Database\Exceptions\DatabaseException: Unable to connect to the database.
Main connection [MySQLi]: No connection could be made because the target machine actively refused it
[Method: GET, Route: kategoriProduk]
in SYSTEMPATH\Database\BaseConnection.php on line 467.
 1 SYSTEMPATH\Database\BaseConnection.php(616): CodeIgniter\Database\BaseConnection->initialize()
 2 SYSTEMPATH\Database\BaseBuilder.php(1644): CodeIgniter\Database\BaseConnection->query('SELECT *
FROM `kategoriproduk`', [], false)
 3 SYSTEMPATH\Model.php(286): CodeIgniter\Database\BaseBuilder->get()
 4 SYSTEMPATH\BaseModel.php(676): CodeIgniter\Model->doFindAll(0, 0)
 5 APPPATH\Controllers\Admin.php(19): CodeIgniter\BaseModel->findAll()
 6 SYSTEMPATH\CodeIgniter.php(933): App\Controllers\Admin->kategoriProduk()
 7 SYSTEMPATH\CodeIgniter.php(509): CodeIgniter\CodeIgniter->runController(Object(App\Controllers\Admin))
 8 SYSTEMPATH\CodeIgniter.php(355): CodeIgniter\CodeIgniter->handleRequest(null, Object(Config\Cache), false)
 9 SYSTEMPATH\Boot.php(325): CodeIgniter\CodeIgniter->run()
10 SYSTEMPATH\Boot.php(67): CodeIgniter\Boot::runCodeIgniter(Object(CodeIgniter\CodeIgniter))
11 FCPATH\index.php(56): CodeIgniter\Boot::bootWeb(Object(Config\Paths))
12 SYSTEMPATH\rewrite.php(44): require_once('C:\\Users\\Administrator\\tokoOnlineCi4\\public\\index.php')
CRITICAL - 2024-12-20 09:39:43 --> Error: Call to a member function getRandomName() on null
[Method: POST, Route: produks]
in APPPATH\Controllers\DataProduk.php on line 27.
 1 SYSTEMPATH\CodeIgniter.php(933): App\Controllers\DataProduk->tambahProduk()
 2 SYSTEMPATH\CodeIgniter.php(509): CodeIgniter\CodeIgniter->runController(Object(App\Controllers\DataProduk))
 3 SYSTEMPATH\CodeIgniter.php(355): CodeIgniter\CodeIgniter->handleRequest(null, Object(Config\Cache), false)
 4 SYSTEMPATH\Boot.php(325): CodeIgniter\CodeIgniter->run()
 5 SYSTEMPATH\Boot.php(67): CodeIgniter\Boot::runCodeIgniter(Object(CodeIgniter\CodeIgniter))
 6 FCPATH\index.php(56): CodeIgniter\Boot::bootWeb(Object(Config\Paths))
 7 SYSTEMPATH\rewrite.php(44): require_once('C:\\Users\\Administrator\\tokoOnlineCi4\\public\\index.php')
CRITICAL - 2024-12-20 09:41:53 --> Error: Call to a member function getRandomName() on null
[Method: POST, Route: produks]
in APPPATH\Controllers\DataProduk.php on line 28.
 1 SYSTEMPATH\CodeIgniter.php(933): App\Controllers\DataProduk->tambahProduk()
 2 SYSTEMPATH\CodeIgniter.php(509): CodeIgniter\CodeIgniter->runController(Object(App\Controllers\DataProduk))
 3 SYSTEMPATH\CodeIgniter.php(355): CodeIgniter\CodeIgniter->handleRequest(null, Object(Config\Cache), false)
 4 SYSTEMPATH\Boot.php(325): CodeIgniter\CodeIgniter->run()
 5 SYSTEMPATH\Boot.php(67): CodeIgniter\Boot::runCodeIgniter(Object(CodeIgniter\CodeIgniter))
 6 FCPATH\index.php(56): CodeIgniter\Boot::bootWeb(Object(Config\Paths))
 7 SYSTEMPATH\rewrite.php(44): require_once('C:\\Users\\Administrator\\tokoOnlineCi4\\public\\index.php')
CRITICAL - 2024-12-20 09:43:09 --> Error: Call to a member function getRandomName() on null
[Method: POST, Route: produks]
in APPPATH\Controllers\DataProduk.php on line 27.
 1 SYSTEMPATH\CodeIgniter.php(933): App\Controllers\DataProduk->tambahProduk()
 2 SYSTEMPATH\CodeIgniter.php(509): CodeIgniter\CodeIgniter->runController(Object(App\Controllers\DataProduk))
 3 SYSTEMPATH\CodeIgniter.php(355): CodeIgniter\CodeIgniter->handleRequest(null, Object(Config\Cache), false)
 4 SYSTEMPATH\Boot.php(325): CodeIgniter\CodeIgniter->run()
 5 SYSTEMPATH\Boot.php(67): CodeIgniter\Boot::runCodeIgniter(Object(CodeIgniter\CodeIgniter))
 6 FCPATH\index.php(56): CodeIgniter\Boot::bootWeb(Object(Config\Paths))
 7 SYSTEMPATH\rewrite.php(44): require_once('C:\\Users\\Administrator\\tokoOnlineCi4\\public\\index.php')
CRITICAL - 2024-12-20 09:44:01 --> Error: Call to a member function getRandomName() on null
[Method: POST, Route: produks]
in APPPATH\Controllers\DataProduk.php on line 28.
 1 SYSTEMPATH\CodeIgniter.php(933): App\Controllers\DataProduk->tambahProduk()
 2 SYSTEMPATH\CodeIgniter.php(509): CodeIgniter\CodeIgniter->runController(Object(App\Controllers\DataProduk))
 3 SYSTEMPATH\CodeIgniter.php(355): CodeIgniter\CodeIgniter->handleRequest(null, Object(Config\Cache), false)
 4 SYSTEMPATH\Boot.php(325): CodeIgniter\CodeIgniter->run()
 5 SYSTEMPATH\Boot.php(67): CodeIgniter\Boot::runCodeIgniter(Object(CodeIgniter\CodeIgniter))
 6 FCPATH\index.php(56): CodeIgniter\Boot::bootWeb(Object(Config\Paths))
 7 SYSTEMPATH\rewrite.php(44): require_once('C:\\Users\\Administrator\\tokoOnlineCi4\\public\\index.php')
CRITICAL - 2024-12-20 09:45:33 --> Error: Call to a member function getRandomName() on null
[Method: POST, Route: produks]
in APPPATH\Controllers\DataProduk.php on line 29.
 1 SYSTEMPATH\CodeIgniter.php(933): App\Controllers\DataProduk->tambahProduk()
 2 SYSTEMPATH\CodeIgniter.php(509): CodeIgniter\CodeIgniter->runController(Object(App\Controllers\DataProduk))
 3 SYSTEMPATH\CodeIgniter.php(355): CodeIgniter\CodeIgniter->handleRequest(null, Object(Config\Cache), false)
 4 SYSTEMPATH\Boot.php(325): CodeIgniter\CodeIgniter->run()
 5 SYSTEMPATH\Boot.php(67): CodeIgniter\Boot::runCodeIgniter(Object(CodeIgniter\CodeIgniter))
 6 FCPATH\index.php(56): CodeIgniter\Boot::bootWeb(Object(Config\Paths))
 7 SYSTEMPATH\rewrite.php(44): require_once('C:\\Users\\Administrator\\tokoOnlineCi4\\public\\index.php')
ERROR - 2024-12-20 09:46:24 --> mysqli_sql_exception: Cannot add or update a child row: a foreign key constraint fails (`tokoonline`.`produk`, CONSTRAINT `fk_produk_kategori` FOREIGN KEY (`idKategori`) REFERENCES `kategoriproduk` (`idKategori`) ON DELETE CASCADE ON UPDATE CASCADE) in C:\Users\Administrator\tokoOnlineCi4\system\Database\MySQLi\Connection.php:312
Stack trace:
#0 C:\Users\Administrator\tokoOnlineCi4\system\Database\MySQLi\Connection.php(312): mysqli->query('INSERT INTO `pr...', 0)
#1 C:\Users\Administrator\tokoOnlineCi4\system\Database\BaseConnection.php(734): CodeIgniter\Database\MySQLi\Connection->execute('INSERT INTO `pr...')
#2 C:\Users\Administrator\tokoOnlineCi4\system\Database\BaseConnection.php(648): CodeIgniter\Database\BaseConnection->simpleQuery('INSERT INTO `pr...')
#3 C:\Users\Administrator\tokoOnlineCi4\system\Database\BaseBuilder.php(2340): CodeIgniter\Database\BaseConnection->query('INSERT INTO `pr...', Array, false)
#4 C:\Users\Administrator\tokoOnlineCi4\system\Model.php(394): CodeIgniter\Database\BaseBuilder->insert()
#5 C:\Users\Administrator\tokoOnlineCi4\system\BaseModel.php(840): CodeIgniter\Model->doInsert(Array)
#6 C:\Users\Administrator\tokoOnlineCi4\system\Model.php(802): CodeIgniter\BaseModel->insert(Array, true)
#7 C:\Users\Administrator\tokoOnlineCi4\app\Libraries\ProdukLibrary.php(33): CodeIgniter\Model->insert(Array)
#8 C:\Users\Administrator\tokoOnlineCi4\app\Controllers\DataProduk.php(34): App\Libraries\ProdukLibrary->tambahProduk('Baju Jeans', 'Pakaian', 20000, '30 Pcs', '1734687984_9ba1...')
#9 C:\Users\Administrator\tokoOnlineCi4\system\CodeIgniter.php(933): App\Controllers\DataProduk->tambahProduk()
#10 C:\Users\Administrator\tokoOnlineCi4\system\CodeIgniter.php(509): CodeIgniter\CodeIgniter->runController(Object(App\Controllers\DataProduk))
#11 C:\Users\Administrator\tokoOnlineCi4\system\CodeIgniter.php(355): CodeIgniter\CodeIgniter->handleRequest(NULL, Object(Config\Cache), false)
#12 C:\Users\Administrator\tokoOnlineCi4\system\Boot.php(325): CodeIgniter\CodeIgniter->run()
#13 C:\Users\Administrator\tokoOnlineCi4\system\Boot.php(67): CodeIgniter\Boot::runCodeIgniter(Object(CodeIgniter\CodeIgniter))
#14 C:\Users\Administrator\tokoOnlineCi4\public\index.php(56): CodeIgniter\Boot::bootWeb(Object(Config\Paths))
#15 C:\Users\Administrator\tokoOnlineCi4\system\rewrite.php(44): require_once('C:\\Users\\Admini...')
#16 {main}
CRITICAL - 2024-12-20 09:46:24 --> CodeIgniter\Database\Exceptions\DatabaseException: Cannot add or update a child row: a foreign key constraint fails (`tokoonline`.`produk`, CONSTRAINT `fk_produk_kategori` FOREIGN KEY (`idKategori`) REFERENCES `kategoriproduk` (`idKategori`) ON DELETE CASCADE ON UPDATE CASCADE)
[Method: POST, Route: produks]
in SYSTEMPATH\Database\BaseConnection.php on line 688.
 1 SYSTEMPATH\Database\BaseBuilder.php(2340): CodeIgniter\Database\BaseConnection->query('INSERT INTO `produk` (`idProduk`, `namaProduk`, `jenisProduk`, `hargaProduk`, `tersedia`, `gambarProduk`) VALUES (:idProduk:, :namaProduk:, :jenisProduk:, :hargaProduk:, :tersedia:, :gambarProduk:)', [...], false)
 2 SYSTEMPATH\Model.php(394): CodeIgniter\Database\BaseBuilder->insert()
 3 SYSTEMPATH\BaseModel.php(840): CodeIgniter\Model->doInsert([...])
 4 SYSTEMPATH\Model.php(802): CodeIgniter\BaseModel->insert([...], true)
 5 APPPATH\Libraries\ProdukLibrary.php(33): CodeIgniter\Model->insert([...])
 6 APPPATH\Controllers\DataProduk.php(34): App\Libraries\ProdukLibrary->tambahProduk('Baju Jeans', 'Pakaian', 20000, '30 Pcs', '1734687984_9ba17c8bd38dbdf597f3.jpg')
 7 SYSTEMPATH\CodeIgniter.php(933): App\Controllers\DataProduk->tambahProduk()
 8 SYSTEMPATH\CodeIgniter.php(509): CodeIgniter\CodeIgniter->runController(Object(App\Controllers\DataProduk))
 9 SYSTEMPATH\CodeIgniter.php(355): CodeIgniter\CodeIgniter->handleRequest(null, Object(Config\Cache), false)
10 SYSTEMPATH\Boot.php(325): CodeIgniter\CodeIgniter->run()
11 SYSTEMPATH\Boot.php(67): CodeIgniter\Boot::runCodeIgniter(Object(CodeIgniter\CodeIgniter))
12 FCPATH\index.php(56): CodeIgniter\Boot::bootWeb(Object(Config\Paths))
13 SYSTEMPATH\rewrite.php(44): require_once('C:\\Users\\Administrator\\tokoOnlineCi4\\public\\index.php')
CRITICAL - 2024-12-20 09:46:24 --> [Caused by] CodeIgniter\Database\Exceptions\DatabaseException: Cannot add or update a child row: a foreign key constraint fails (`tokoonline`.`produk`, CONSTRAINT `fk_produk_kategori` FOREIGN KEY (`idKategori`) REFERENCES `kategoriproduk` (`idKategori`) ON DELETE CASCADE ON UPDATE CASCADE)
in SYSTEMPATH\Database\MySQLi\Connection.php on line 317.
 1 SYSTEMPATH\Database\BaseConnection.php(734): CodeIgniter\Database\MySQLi\Connection->execute('INSERT INTO `produk` (`idProduk`, `namaProduk`, `jenisProduk`, `hargaProduk`, `tersedia`, `gambarProduk`) VALUES (\'produk202412200946247997\', \'Baju Jeans\', \'Pakaian\', 20000, \'30 Pcs\', \'1734687984_9ba17c8bd38dbdf597f3.jpg\')')
 2 SYSTEMPATH\Database\BaseConnection.php(648): CodeIgniter\Database\BaseConnection->simpleQuery('INSERT INTO `produk` (`idProduk`, `namaProduk`, `jenisProduk`, `hargaProduk`, `tersedia`, `gambarProduk`) VALUES (\'produk202412200946247997\', \'Baju Jeans\', \'Pakaian\', 20000, \'30 Pcs\', \'1734687984_9ba17c8bd38dbdf597f3.jpg\')')
 3 SYSTEMPATH\Database\BaseBuilder.php(2340): CodeIgniter\Database\BaseConnection->query('INSERT INTO `produk` (`idProduk`, `namaProduk`, `jenisProduk`, `hargaProduk`, `tersedia`, `gambarProduk`) VALUES (:idProduk:, :namaProduk:, :jenisProduk:, :hargaProduk:, :tersedia:, :gambarProduk:)', [...], false)
 4 SYSTEMPATH\Model.php(394): CodeIgniter\Database\BaseBuilder->insert()
 5 SYSTEMPATH\BaseModel.php(840): CodeIgniter\Model->doInsert([...])
 6 SYSTEMPATH\Model.php(802): CodeIgniter\BaseModel->insert([...], true)
 7 APPPATH\Libraries\ProdukLibrary.php(33): CodeIgniter\Model->insert([...])
 8 APPPATH\Controllers\DataProduk.php(34): App\Libraries\ProdukLibrary->tambahProduk('Baju Jeans', 'Pakaian', 20000, '30 Pcs', '1734687984_9ba17c8bd38dbdf597f3.jpg')
 9 SYSTEMPATH\CodeIgniter.php(933): App\Controllers\DataProduk->tambahProduk()
10 SYSTEMPATH\CodeIgniter.php(509): CodeIgniter\CodeIgniter->runController(Object(App\Controllers\DataProduk))
11 SYSTEMPATH\CodeIgniter.php(355): CodeIgniter\CodeIgniter->handleRequest(null, Object(Config\Cache), false)
12 SYSTEMPATH\Boot.php(325): CodeIgniter\CodeIgniter->run()
13 SYSTEMPATH\Boot.php(67): CodeIgniter\Boot::runCodeIgniter(Object(CodeIgniter\CodeIgniter))
14 FCPATH\index.php(56): CodeIgniter\Boot::bootWeb(Object(Config\Paths))
15 SYSTEMPATH\rewrite.php(44): require_once('C:\\Users\\Administrator\\tokoOnlineCi4\\public\\index.php')
CRITICAL - 2024-12-20 09:46:24 --> [Caused by] mysqli_sql_exception: Cannot add or update a child row: a foreign key constraint fails (`tokoonline`.`produk`, CONSTRAINT `fk_produk_kategori` FOREIGN KEY (`idKategori`) REFERENCES `kategoriproduk` (`idKategori`) ON DELETE CASCADE ON UPDATE CASCADE)
in SYSTEMPATH\Database\MySQLi\Connection.php on line 312.
 1 SYSTEMPATH\Database\MySQLi\Connection.php(312): mysqli->query('INSERT INTO `produk` (`idProduk`, `namaProduk`, `jenisProduk`, `hargaProduk`, `tersedia`, `gambarProduk`) VALUES (\'produk202412200946247997\', \'Baju Jeans\', \'Pakaian\', 20000, \'30 Pcs\', \'1734687984_9ba17c8bd38dbdf597f3.jpg\')', 0)
 2 SYSTEMPATH\Database\BaseConnection.php(734): CodeIgniter\Database\MySQLi\Connection->execute('INSERT INTO `produk` (`idProduk`, `namaProduk`, `jenisProduk`, `hargaProduk`, `tersedia`, `gambarProduk`) VALUES (\'produk202412200946247997\', \'Baju Jeans\', \'Pakaian\', 20000, \'30 Pcs\', \'1734687984_9ba17c8bd38dbdf597f3.jpg\')')
 3 SYSTEMPATH\Database\BaseConnection.php(648): CodeIgniter\Database\BaseConnection->simpleQuery('INSERT INTO `produk` (`idProduk`, `namaProduk`, `jenisProduk`, `hargaProduk`, `tersedia`, `gambarProduk`) VALUES (\'produk202412200946247997\', \'Baju Jeans\', \'Pakaian\', 20000, \'30 Pcs\', \'1734687984_9ba17c8bd38dbdf597f3.jpg\')')
 4 SYSTEMPATH\Database\BaseBuilder.php(2340): CodeIgniter\Database\BaseConnection->query('INSERT INTO `produk` (`idProduk`, `namaProduk`, `jenisProduk`, `hargaProduk`, `tersedia`, `gambarProduk`) VALUES (:idProduk:, :namaProduk:, :jenisProduk:, :hargaProduk:, :tersedia:, :gambarProduk:)', [...], false)
 5 SYSTEMPATH\Model.php(394): CodeIgniter\Database\BaseBuilder->insert()
 6 SYSTEMPATH\BaseModel.php(840): CodeIgniter\Model->doInsert([...])
 7 SYSTEMPATH\Model.php(802): CodeIgniter\BaseModel->insert([...], true)
 8 APPPATH\Libraries\ProdukLibrary.php(33): CodeIgniter\Model->insert([...])
 9 APPPATH\Controllers\DataProduk.php(34): App\Libraries\ProdukLibrary->tambahProduk('Baju Jeans', 'Pakaian', 20000, '30 Pcs', '1734687984_9ba17c8bd38dbdf597f3.jpg')
10 SYSTEMPATH\CodeIgniter.php(933): App\Controllers\DataProduk->tambahProduk()
11 SYSTEMPATH\CodeIgniter.php(509): CodeIgniter\CodeIgniter->runController(Object(App\Controllers\DataProduk))
12 SYSTEMPATH\CodeIgniter.php(355): CodeIgniter\CodeIgniter->handleRequest(null, Object(Config\Cache), false)
13 SYSTEMPATH\Boot.php(325): CodeIgniter\CodeIgniter->run()
14 SYSTEMPATH\Boot.php(67): CodeIgniter\Boot::runCodeIgniter(Object(CodeIgniter\CodeIgniter))
15 FCPATH\index.php(56): CodeIgniter\Boot::bootWeb(Object(Config\Paths))
16 SYSTEMPATH\rewrite.php(44): require_once('C:\\Users\\Administrator\\tokoOnlineCi4\\public\\index.php')
ERROR - 2024-12-20 09:48:11 --> mysqli_sql_exception: Cannot add or update a child row: a foreign key constraint fails (`tokoonline`.`produk`, CONSTRAINT `fk_produk_kategori` FOREIGN KEY (`idKategori`) REFERENCES `kategoriproduk` (`idKategori`) ON DELETE CASCADE ON UPDATE CASCADE) in C:\Users\Administrator\tokoOnlineCi4\system\Database\MySQLi\Connection.php:312
Stack trace:
#0 C:\Users\Administrator\tokoOnlineCi4\system\Database\MySQLi\Connection.php(312): mysqli->query('INSERT INTO `pr...', 0)
#1 C:\Users\Administrator\tokoOnlineCi4\system\Database\BaseConnection.php(734): CodeIgniter\Database\MySQLi\Connection->execute('INSERT INTO `pr...')
#2 C:\Users\Administrator\tokoOnlineCi4\system\Database\BaseConnection.php(648): CodeIgniter\Database\BaseConnection->simpleQuery('INSERT INTO `pr...')
#3 C:\Users\Administrator\tokoOnlineCi4\system\Database\BaseBuilder.php(2340): CodeIgniter\Database\BaseConnection->query('INSERT INTO `pr...', Array, false)
#4 C:\Users\Administrator\tokoOnlineCi4\system\Model.php(394): CodeIgniter\Database\BaseBuilder->insert()
#5 C:\Users\Administrator\tokoOnlineCi4\system\BaseModel.php(840): CodeIgniter\Model->doInsert(Array)
#6 C:\Users\Administrator\tokoOnlineCi4\system\Model.php(802): CodeIgniter\BaseModel->insert(Array, true)
#7 C:\Users\Administrator\tokoOnlineCi4\app\Libraries\ProdukLibrary.php(34): CodeIgniter\Model->insert(Array)
#8 C:\Users\Administrator\tokoOnlineCi4\app\Controllers\DataProduk.php(34): App\Libraries\ProdukLibrary->tambahProduk('Baju Jeans', 'Pakaian', 20000, '30 Pcs', '1734688091_2842...')
#9 C:\Users\Administrator\tokoOnlineCi4\system\CodeIgniter.php(933): App\Controllers\DataProduk->tambahProduk()
#10 C:\Users\Administrator\tokoOnlineCi4\system\CodeIgniter.php(509): CodeIgniter\CodeIgniter->runController(Object(App\Controllers\DataProduk))
#11 C:\Users\Administrator\tokoOnlineCi4\system\CodeIgniter.php(355): CodeIgniter\CodeIgniter->handleRequest(NULL, Object(Config\Cache), false)
#12 C:\Users\Administrator\tokoOnlineCi4\system\Boot.php(325): CodeIgniter\CodeIgniter->run()
#13 C:\Users\Administrator\tokoOnlineCi4\system\Boot.php(67): CodeIgniter\Boot::runCodeIgniter(Object(CodeIgniter\CodeIgniter))
#14 C:\Users\Administrator\tokoOnlineCi4\public\index.php(56): CodeIgniter\Boot::bootWeb(Object(Config\Paths))
#15 C:\Users\Administrator\tokoOnlineCi4\system\rewrite.php(44): require_once('C:\\Users\\Admini...')
#16 {main}
CRITICAL - 2024-12-20 09:48:11 --> CodeIgniter\Database\Exceptions\DatabaseException: Cannot add or update a child row: a foreign key constraint fails (`tokoonline`.`produk`, CONSTRAINT `fk_produk_kategori` FOREIGN KEY (`idKategori`) REFERENCES `kategoriproduk` (`idKategori`) ON DELETE CASCADE ON UPDATE CASCADE)
[Method: POST, Route: produks]
in SYSTEMPATH\Database\BaseConnection.php on line 688.
 1 SYSTEMPATH\Database\BaseBuilder.php(2340): CodeIgniter\Database\BaseConnection->query('INSERT INTO `produk` (`idProduk`, `namaProduk`, `jenisProduk`, `hargaProduk`, `tersedia`, `gambarProduk`) VALUES (:idProduk:, :namaProduk:, :jenisProduk:, :hargaProduk:, :tersedia:, :gambarProduk:)', [...], false)
 2 SYSTEMPATH\Model.php(394): CodeIgniter\Database\BaseBuilder->insert()
 3 SYSTEMPATH\BaseModel.php(840): CodeIgniter\Model->doInsert([...])
 4 SYSTEMPATH\Model.php(802): CodeIgniter\BaseModel->insert([...], true)
 5 APPPATH\Libraries\ProdukLibrary.php(34): CodeIgniter\Model->insert([...])
 6 APPPATH\Controllers\DataProduk.php(34): App\Libraries\ProdukLibrary->tambahProduk('Baju Jeans', 'Pakaian', 20000, '30 Pcs', '1734688091_2842a6c95ef2ef11243c.jpg')
 7 SYSTEMPATH\CodeIgniter.php(933): App\Controllers\DataProduk->tambahProduk()
 8 SYSTEMPATH\CodeIgniter.php(509): CodeIgniter\CodeIgniter->runController(Object(App\Controllers\DataProduk))
 9 SYSTEMPATH\CodeIgniter.php(355): CodeIgniter\CodeIgniter->handleRequest(null, Object(Config\Cache), false)
10 SYSTEMPATH\Boot.php(325): CodeIgniter\CodeIgniter->run()
11 SYSTEMPATH\Boot.php(67): CodeIgniter\Boot::runCodeIgniter(Object(CodeIgniter\CodeIgniter))
12 FCPATH\index.php(56): CodeIgniter\Boot::bootWeb(Object(Config\Paths))
13 SYSTEMPATH\rewrite.php(44): require_once('C:\\Users\\Administrator\\tokoOnlineCi4\\public\\index.php')
CRITICAL - 2024-12-20 09:48:11 --> [Caused by] CodeIgniter\Database\Exceptions\DatabaseException: Cannot add or update a child row: a foreign key constraint fails (`tokoonline`.`produk`, CONSTRAINT `fk_produk_kategori` FOREIGN KEY (`idKategori`) REFERENCES `kategoriproduk` (`idKategori`) ON DELETE CASCADE ON UPDATE CASCADE)
in SYSTEMPATH\Database\MySQLi\Connection.php on line 317.
 1 SYSTEMPATH\Database\BaseConnection.php(734): CodeIgniter\Database\MySQLi\Connection->execute('INSERT INTO `produk` (`idProduk`, `namaProduk`, `jenisProduk`, `hargaProduk`, `tersedia`, `gambarProduk`) VALUES (\'produk202412200948118040\', \'Baju Jeans\', \'Pakaian\', 20000, \'30 Pcs\', \'1734688091_2842a6c95ef2ef11243c.jpg\')')
 2 SYSTEMPATH\Database\BaseConnection.php(648): CodeIgniter\Database\BaseConnection->simpleQuery('INSERT INTO `produk` (`idProduk`, `namaProduk`, `jenisProduk`, `hargaProduk`, `tersedia`, `gambarProduk`) VALUES (\'produk202412200948118040\', \'Baju Jeans\', \'Pakaian\', 20000, \'30 Pcs\', \'1734688091_2842a6c95ef2ef11243c.jpg\')')
 3 SYSTEMPATH\Database\BaseBuilder.php(2340): CodeIgniter\Database\BaseConnection->query('INSERT INTO `produk` (`idProduk`, `namaProduk`, `jenisProduk`, `hargaProduk`, `tersedia`, `gambarProduk`) VALUES (:idProduk:, :namaProduk:, :jenisProduk:, :hargaProduk:, :tersedia:, :gambarProduk:)', [...], false)
 4 SYSTEMPATH\Model.php(394): CodeIgniter\Database\BaseBuilder->insert()
 5 SYSTEMPATH\BaseModel.php(840): CodeIgniter\Model->doInsert([...])
 6 SYSTEMPATH\Model.php(802): CodeIgniter\BaseModel->insert([...], true)
 7 APPPATH\Libraries\ProdukLibrary.php(34): CodeIgniter\Model->insert([...])
 8 APPPATH\Controllers\DataProduk.php(34): App\Libraries\ProdukLibrary->tambahProduk('Baju Jeans', 'Pakaian', 20000, '30 Pcs', '1734688091_2842a6c95ef2ef11243c.jpg')
 9 SYSTEMPATH\CodeIgniter.php(933): App\Controllers\DataProduk->tambahProduk()
10 SYSTEMPATH\CodeIgniter.php(509): CodeIgniter\CodeIgniter->runController(Object(App\Controllers\DataProduk))
11 SYSTEMPATH\CodeIgniter.php(355): CodeIgniter\CodeIgniter->handleRequest(null, Object(Config\Cache), false)
12 SYSTEMPATH\Boot.php(325): CodeIgniter\CodeIgniter->run()
13 SYSTEMPATH\Boot.php(67): CodeIgniter\Boot::runCodeIgniter(Object(CodeIgniter\CodeIgniter))
14 FCPATH\index.php(56): CodeIgniter\Boot::bootWeb(Object(Config\Paths))
15 SYSTEMPATH\rewrite.php(44): require_once('C:\\Users\\Administrator\\tokoOnlineCi4\\public\\index.php')
CRITICAL - 2024-12-20 09:48:11 --> [Caused by] mysqli_sql_exception: Cannot add or update a child row: a foreign key constraint fails (`tokoonline`.`produk`, CONSTRAINT `fk_produk_kategori` FOREIGN KEY (`idKategori`) REFERENCES `kategoriproduk` (`idKategori`) ON DELETE CASCADE ON UPDATE CASCADE)
in SYSTEMPATH\Database\MySQLi\Connection.php on line 312.
 1 SYSTEMPATH\Database\MySQLi\Connection.php(312): mysqli->query('INSERT INTO `produk` (`idProduk`, `namaProduk`, `jenisProduk`, `hargaProduk`, `tersedia`, `gambarProduk`) VALUES (\'produk202412200948118040\', \'Baju Jeans\', \'Pakaian\', 20000, \'30 Pcs\', \'1734688091_2842a6c95ef2ef11243c.jpg\')', 0)
 2 SYSTEMPATH\Database\BaseConnection.php(734): CodeIgniter\Database\MySQLi\Connection->execute('INSERT INTO `produk` (`idProduk`, `namaProduk`, `jenisProduk`, `hargaProduk`, `tersedia`, `gambarProduk`) VALUES (\'produk202412200948118040\', \'Baju Jeans\', \'Pakaian\', 20000, \'30 Pcs\', \'1734688091_2842a6c95ef2ef11243c.jpg\')')
 3 SYSTEMPATH\Database\BaseConnection.php(648): CodeIgniter\Database\BaseConnection->simpleQuery('INSERT INTO `produk` (`idProduk`, `namaProduk`, `jenisProduk`, `hargaProduk`, `tersedia`, `gambarProduk`) VALUES (\'produk202412200948118040\', \'Baju Jeans\', \'Pakaian\', 20000, \'30 Pcs\', \'1734688091_2842a6c95ef2ef11243c.jpg\')')
 4 SYSTEMPATH\Database\BaseBuilder.php(2340): CodeIgniter\Database\BaseConnection->query('INSERT INTO `produk` (`idProduk`, `namaProduk`, `jenisProduk`, `hargaProduk`, `tersedia`, `gambarProduk`) VALUES (:idProduk:, :namaProduk:, :jenisProduk:, :hargaProduk:, :tersedia:, :gambarProduk:)', [...], false)
 5 SYSTEMPATH\Model.php(394): CodeIgniter\Database\BaseBuilder->insert()
 6 SYSTEMPATH\BaseModel.php(840): CodeIgniter\Model->doInsert([...])
 7 SYSTEMPATH\Model.php(802): CodeIgniter\BaseModel->insert([...], true)
 8 APPPATH\Libraries\ProdukLibrary.php(34): CodeIgniter\Model->insert([...])
 9 APPPATH\Controllers\DataProduk.php(34): App\Libraries\ProdukLibrary->tambahProduk('Baju Jeans', 'Pakaian', 20000, '30 Pcs', '1734688091_2842a6c95ef2ef11243c.jpg')
10 SYSTEMPATH\CodeIgniter.php(933): App\Controllers\DataProduk->tambahProduk()
11 SYSTEMPATH\CodeIgniter.php(509): CodeIgniter\CodeIgniter->runController(Object(App\Controllers\DataProduk))
12 SYSTEMPATH\CodeIgniter.php(355): CodeIgniter\CodeIgniter->handleRequest(null, Object(Config\Cache), false)
13 SYSTEMPATH\Boot.php(325): CodeIgniter\CodeIgniter->run()
14 SYSTEMPATH\Boot.php(67): CodeIgniter\Boot::runCodeIgniter(Object(CodeIgniter\CodeIgniter))
15 FCPATH\index.php(56): CodeIgniter\Boot::bootWeb(Object(Config\Paths))
16 SYSTEMPATH\rewrite.php(44): require_once('C:\\Users\\Administrator\\tokoOnlineCi4\\public\\index.php')
ERROR - 2024-12-20 09:48:22 --> mysqli_sql_exception: Cannot add or update a child row: a foreign key constraint fails (`tokoonline`.`produk`, CONSTRAINT `fk_produk_kategori` FOREIGN KEY (`idKategori`) REFERENCES `kategoriproduk` (`idKategori`) ON DELETE CASCADE ON UPDATE CASCADE) in C:\Users\Administrator\tokoOnlineCi4\system\Database\MySQLi\Connection.php:312
Stack trace:
#0 C:\Users\Administrator\tokoOnlineCi4\system\Database\MySQLi\Connection.php(312): mysqli->query('INSERT INTO `pr...', 0)
#1 C:\Users\Administrator\tokoOnlineCi4\system\Database\BaseConnection.php(734): CodeIgniter\Database\MySQLi\Connection->execute('INSERT INTO `pr...')
#2 C:\Users\Administrator\tokoOnlineCi4\system\Database\BaseConnection.php(648): CodeIgniter\Database\BaseConnection->simpleQuery('INSERT INTO `pr...')
#3 C:\Users\Administrator\tokoOnlineCi4\system\Database\BaseBuilder.php(2340): CodeIgniter\Database\BaseConnection->query('INSERT INTO `pr...', Array, false)
#4 C:\Users\Administrator\tokoOnlineCi4\system\Model.php(394): CodeIgniter\Database\BaseBuilder->insert()
#5 C:\Users\Administrator\tokoOnlineCi4\system\BaseModel.php(840): CodeIgniter\Model->doInsert(Array)
#6 C:\Users\Administrator\tokoOnlineCi4\system\Model.php(802): CodeIgniter\BaseModel->insert(Array, true)
#7 C:\Users\Administrator\tokoOnlineCi4\app\Libraries\ProdukLibrary.php(34): CodeIgniter\Model->insert(Array)
#8 C:\Users\Administrator\tokoOnlineCi4\app\Controllers\DataProduk.php(34): App\Libraries\ProdukLibrary->tambahProduk('Baju Jeans', 'Pakaian', 20000, '30 Pcs', '1734688102_94a1...')
#9 C:\Users\Administrator\tokoOnlineCi4\system\CodeIgniter.php(933): App\Controllers\DataProduk->tambahProduk()
#10 C:\Users\Administrator\tokoOnlineCi4\system\CodeIgniter.php(509): CodeIgniter\CodeIgniter->runController(Object(App\Controllers\DataProduk))
#11 C:\Users\Administrator\tokoOnlineCi4\system\CodeIgniter.php(355): CodeIgniter\CodeIgniter->handleRequest(NULL, Object(Config\Cache), false)
#12 C:\Users\Administrator\tokoOnlineCi4\system\Boot.php(325): CodeIgniter\CodeIgniter->run()
#13 C:\Users\Administrator\tokoOnlineCi4\system\Boot.php(67): CodeIgniter\Boot::runCodeIgniter(Object(CodeIgniter\CodeIgniter))
#14 C:\Users\Administrator\tokoOnlineCi4\public\index.php(56): CodeIgniter\Boot::bootWeb(Object(Config\Paths))
#15 C:\Users\Administrator\tokoOnlineCi4\system\rewrite.php(44): require_once('C:\\Users\\Admini...')
#16 {main}
CRITICAL - 2024-12-20 09:48:22 --> CodeIgniter\Database\Exceptions\DatabaseException: Cannot add or update a child row: a foreign key constraint fails (`tokoonline`.`produk`, CONSTRAINT `fk_produk_kategori` FOREIGN KEY (`idKategori`) REFERENCES `kategoriproduk` (`idKategori`) ON DELETE CASCADE ON UPDATE CASCADE)
[Method: POST, Route: produks]
in SYSTEMPATH\Database\BaseConnection.php on line 688.
 1 SYSTEMPATH\Database\BaseBuilder.php(2340): CodeIgniter\Database\BaseConnection->query('INSERT INTO `produk` (`idProduk`, `namaProduk`, `jenisProduk`, `hargaProduk`, `tersedia`, `gambarProduk`) VALUES (:idProduk:, :namaProduk:, :jenisProduk:, :hargaProduk:, :tersedia:, :gambarProduk:)', [...], false)
 2 SYSTEMPATH\Model.php(394): CodeIgniter\Database\BaseBuilder->insert()
 3 SYSTEMPATH\BaseModel.php(840): CodeIgniter\Model->doInsert([...])
 4 SYSTEMPATH\Model.php(802): CodeIgniter\BaseModel->insert([...], true)
 5 APPPATH\Libraries\ProdukLibrary.php(34): CodeIgniter\Model->insert([...])
 6 APPPATH\Controllers\DataProduk.php(34): App\Libraries\ProdukLibrary->tambahProduk('Baju Jeans', 'Pakaian', 20000, '30 Pcs', '1734688102_94a1f6451c66c0033c77.jpg')
 7 SYSTEMPATH\CodeIgniter.php(933): App\Controllers\DataProduk->tambahProduk()
 8 SYSTEMPATH\CodeIgniter.php(509): CodeIgniter\CodeIgniter->runController(Object(App\Controllers\DataProduk))
 9 SYSTEMPATH\CodeIgniter.php(355): CodeIgniter\CodeIgniter->handleRequest(null, Object(Config\Cache), false)
10 SYSTEMPATH\Boot.php(325): CodeIgniter\CodeIgniter->run()
11 SYSTEMPATH\Boot.php(67): CodeIgniter\Boot::runCodeIgniter(Object(CodeIgniter\CodeIgniter))
12 FCPATH\index.php(56): CodeIgniter\Boot::bootWeb(Object(Config\Paths))
13 SYSTEMPATH\rewrite.php(44): require_once('C:\\Users\\Administrator\\tokoOnlineCi4\\public\\index.php')
CRITICAL - 2024-12-20 09:48:22 --> [Caused by] CodeIgniter\Database\Exceptions\DatabaseException: Cannot add or update a child row: a foreign key constraint fails (`tokoonline`.`produk`, CONSTRAINT `fk_produk_kategori` FOREIGN KEY (`idKategori`) REFERENCES `kategoriproduk` (`idKategori`) ON DELETE CASCADE ON UPDATE CASCADE)
in SYSTEMPATH\Database\MySQLi\Connection.php on line 317.
 1 SYSTEMPATH\Database\BaseConnection.php(734): CodeIgniter\Database\MySQLi\Connection->execute('INSERT INTO `produk` (`idProduk`, `namaProduk`, `jenisProduk`, `hargaProduk`, `tersedia`, `gambarProduk`) VALUES (\'produk202412200948228290\', \'Baju Jeans\', \'Pakaian\', 20000, \'30 Pcs\', \'1734688102_94a1f6451c66c0033c77.jpg\')')
 2 SYSTEMPATH\Database\BaseConnection.php(648): CodeIgniter\Database\BaseConnection->simpleQuery('INSERT INTO `produk` (`idProduk`, `namaProduk`, `jenisProduk`, `hargaProduk`, `tersedia`, `gambarProduk`) VALUES (\'produk202412200948228290\', \'Baju Jeans\', \'Pakaian\', 20000, \'30 Pcs\', \'1734688102_94a1f6451c66c0033c77.jpg\')')
 3 SYSTEMPATH\Database\BaseBuilder.php(2340): CodeIgniter\Database\BaseConnection->query('INSERT INTO `produk` (`idProduk`, `namaProduk`, `jenisProduk`, `hargaProduk`, `tersedia`, `gambarProduk`) VALUES (:idProduk:, :namaProduk:, :jenisProduk:, :hargaProduk:, :tersedia:, :gambarProduk:)', [...], false)
 4 SYSTEMPATH\Model.php(394): CodeIgniter\Database\BaseBuilder->insert()
 5 SYSTEMPATH\BaseModel.php(840): CodeIgniter\Model->doInsert([...])
 6 SYSTEMPATH\Model.php(802): CodeIgniter\BaseModel->insert([...], true)
 7 APPPATH\Libraries\ProdukLibrary.php(34): CodeIgniter\Model->insert([...])
 8 APPPATH\Controllers\DataProduk.php(34): App\Libraries\ProdukLibrary->tambahProduk('Baju Jeans', 'Pakaian', 20000, '30 Pcs', '1734688102_94a1f6451c66c0033c77.jpg')
 9 SYSTEMPATH\CodeIgniter.php(933): App\Controllers\DataProduk->tambahProduk()
10 SYSTEMPATH\CodeIgniter.php(509): CodeIgniter\CodeIgniter->runController(Object(App\Controllers\DataProduk))
11 SYSTEMPATH\CodeIgniter.php(355): CodeIgniter\CodeIgniter->handleRequest(null, Object(Config\Cache), false)
12 SYSTEMPATH\Boot.php(325): CodeIgniter\CodeIgniter->run()
13 SYSTEMPATH\Boot.php(67): CodeIgniter\Boot::runCodeIgniter(Object(CodeIgniter\CodeIgniter))
14 FCPATH\index.php(56): CodeIgniter\Boot::bootWeb(Object(Config\Paths))
15 SYSTEMPATH\rewrite.php(44): require_once('C:\\Users\\Administrator\\tokoOnlineCi4\\public\\index.php')
CRITICAL - 2024-12-20 09:48:22 --> [Caused by] mysqli_sql_exception: Cannot add or update a child row: a foreign key constraint fails (`tokoonline`.`produk`, CONSTRAINT `fk_produk_kategori` FOREIGN KEY (`idKategori`) REFERENCES `kategoriproduk` (`idKategori`) ON DELETE CASCADE ON UPDATE CASCADE)
in SYSTEMPATH\Database\MySQLi\Connection.php on line 312.
 1 SYSTEMPATH\Database\MySQLi\Connection.php(312): mysqli->query('INSERT INTO `produk` (`idProduk`, `namaProduk`, `jenisProduk`, `hargaProduk`, `tersedia`, `gambarProduk`) VALUES (\'produk202412200948228290\', \'Baju Jeans\', \'Pakaian\', 20000, \'30 Pcs\', \'1734688102_94a1f6451c66c0033c77.jpg\')', 0)
 2 SYSTEMPATH\Database\BaseConnection.php(734): CodeIgniter\Database\MySQLi\Connection->execute('INSERT INTO `produk` (`idProduk`, `namaProduk`, `jenisProduk`, `hargaProduk`, `tersedia`, `gambarProduk`) VALUES (\'produk202412200948228290\', \'Baju Jeans\', \'Pakaian\', 20000, \'30 Pcs\', \'1734688102_94a1f6451c66c0033c77.jpg\')')
 3 SYSTEMPATH\Database\BaseConnection.php(648): CodeIgniter\Database\BaseConnection->simpleQuery('INSERT INTO `produk` (`idProduk`, `namaProduk`, `jenisProduk`, `hargaProduk`, `tersedia`, `gambarProduk`) VALUES (\'produk202412200948228290\', \'Baju Jeans\', \'Pakaian\', 20000, \'30 Pcs\', \'1734688102_94a1f6451c66c0033c77.jpg\')')
 4 SYSTEMPATH\Database\BaseBuilder.php(2340): CodeIgniter\Database\BaseConnection->query('INSERT INTO `produk` (`idProduk`, `namaProduk`, `jenisProduk`, `hargaProduk`, `tersedia`, `gambarProduk`) VALUES (:idProduk:, :namaProduk:, :jenisProduk:, :hargaProduk:, :tersedia:, :gambarProduk:)', [...], false)
 5 SYSTEMPATH\Model.php(394): CodeIgniter\Database\BaseBuilder->insert()
 6 SYSTEMPATH\BaseModel.php(840): CodeIgniter\Model->doInsert([...])
 7 SYSTEMPATH\Model.php(802): CodeIgniter\BaseModel->insert([...], true)
 8 APPPATH\Libraries\ProdukLibrary.php(34): CodeIgniter\Model->insert([...])
 9 APPPATH\Controllers\DataProduk.php(34): App\Libraries\ProdukLibrary->tambahProduk('Baju Jeans', 'Pakaian', 20000, '30 Pcs', '1734688102_94a1f6451c66c0033c77.jpg')
10 SYSTEMPATH\CodeIgniter.php(933): App\Controllers\DataProduk->tambahProduk()
11 SYSTEMPATH\CodeIgniter.php(509): CodeIgniter\CodeIgniter->runController(Object(App\Controllers\DataProduk))
12 SYSTEMPATH\CodeIgniter.php(355): CodeIgniter\CodeIgniter->handleRequest(null, Object(Config\Cache), false)
13 SYSTEMPATH\Boot.php(325): CodeIgniter\CodeIgniter->run()
14 SYSTEMPATH\Boot.php(67): CodeIgniter\Boot::runCodeIgniter(Object(CodeIgniter\CodeIgniter))
15 FCPATH\index.php(56): CodeIgniter\Boot::bootWeb(Object(Config\Paths))
16 SYSTEMPATH\rewrite.php(44): require_once('C:\\Users\\Administrator\\tokoOnlineCi4\\public\\index.php')
ERROR - 2024-12-20 09:49:48 --> mysqli_sql_exception: Cannot add or update a child row: a foreign key constraint fails (`tokoonline`.`produk`, CONSTRAINT `fk_produk_kategori` FOREIGN KEY (`idKategori`) REFERENCES `kategoriproduk` (`idKategori`) ON DELETE CASCADE ON UPDATE CASCADE) in C:\Users\Administrator\tokoOnlineCi4\system\Database\MySQLi\Connection.php:312
Stack trace:
#0 C:\Users\Administrator\tokoOnlineCi4\system\Database\MySQLi\Connection.php(312): mysqli->query('INSERT INTO `pr...', 0)
#1 C:\Users\Administrator\tokoOnlineCi4\system\Database\BaseConnection.php(734): CodeIgniter\Database\MySQLi\Connection->execute('INSERT INTO `pr...')
#2 C:\Users\Administrator\tokoOnlineCi4\system\Database\BaseConnection.php(648): CodeIgniter\Database\BaseConnection->simpleQuery('INSERT INTO `pr...')
#3 C:\Users\Administrator\tokoOnlineCi4\system\Database\BaseBuilder.php(2340): CodeIgniter\Database\BaseConnection->query('INSERT INTO `pr...', Array, false)
#4 C:\Users\Administrator\tokoOnlineCi4\system\Model.php(394): CodeIgniter\Database\BaseBuilder->insert()
#5 C:\Users\Administrator\tokoOnlineCi4\system\BaseModel.php(840): CodeIgniter\Model->doInsert(Array)
#6 C:\Users\Administrator\tokoOnlineCi4\system\Model.php(802): CodeIgniter\BaseModel->insert(Array, true)
#7 C:\Users\Administrator\tokoOnlineCi4\app\Libraries\ProdukLibrary.php(34): CodeIgniter\Model->insert(Array)
#8 C:\Users\Administrator\tokoOnlineCi4\app\Controllers\DataProduk.php(34): App\Libraries\ProdukLibrary->tambahProduk('Baju Jeans', 'Pakaian', 20000, '30 Pcs', '1734688188_b60a...')
#9 C:\Users\Administrator\tokoOnlineCi4\system\CodeIgniter.php(933): App\Controllers\DataProduk->tambahProduk()
#10 C:\Users\Administrator\tokoOnlineCi4\system\CodeIgniter.php(509): CodeIgniter\CodeIgniter->runController(Object(App\Controllers\DataProduk))
#11 C:\Users\Administrator\tokoOnlineCi4\system\CodeIgniter.php(355): CodeIgniter\CodeIgniter->handleRequest(NULL, Object(Config\Cache), false)
#12 C:\Users\Administrator\tokoOnlineCi4\system\Boot.php(325): CodeIgniter\CodeIgniter->run()
#13 C:\Users\Administrator\tokoOnlineCi4\system\Boot.php(67): CodeIgniter\Boot::runCodeIgniter(Object(CodeIgniter\CodeIgniter))
#14 C:\Users\Administrator\tokoOnlineCi4\public\index.php(56): CodeIgniter\Boot::bootWeb(Object(Config\Paths))
#15 C:\Users\Administrator\tokoOnlineCi4\system\rewrite.php(44): require_once('C:\\Users\\Admini...')
#16 {main}
CRITICAL - 2024-12-20 09:49:48 --> CodeIgniter\Database\Exceptions\DatabaseException: Cannot add or update a child row: a foreign key constraint fails (`tokoonline`.`produk`, CONSTRAINT `fk_produk_kategori` FOREIGN KEY (`idKategori`) REFERENCES `kategoriproduk` (`idKategori`) ON DELETE CASCADE ON UPDATE CASCADE)
[Method: POST, Route: produks]
in SYSTEMPATH\Database\BaseConnection.php on line 688.
 1 SYSTEMPATH\Database\BaseBuilder.php(2340): CodeIgniter\Database\BaseConnection->query('INSERT INTO `produk` (`idProduk`, `namaProduk`, `jenisProduk`, `hargaProduk`, `tersedia`, `gambarProduk`) VALUES (:idProduk:, :namaProduk:, :jenisProduk:, :hargaProduk:, :tersedia:, :gambarProduk:)', [...], false)
 2 SYSTEMPATH\Model.php(394): CodeIgniter\Database\BaseBuilder->insert()
 3 SYSTEMPATH\BaseModel.php(840): CodeIgniter\Model->doInsert([...])
 4 SYSTEMPATH\Model.php(802): CodeIgniter\BaseModel->insert([...], true)
 5 APPPATH\Libraries\ProdukLibrary.php(34): CodeIgniter\Model->insert([...])
 6 APPPATH\Controllers\DataProduk.php(34): App\Libraries\ProdukLibrary->tambahProduk('Baju Jeans', 'Pakaian', 20000, '30 Pcs', '1734688188_b60afbd3806fb0ee10d0.jpg')
 7 SYSTEMPATH\CodeIgniter.php(933): App\Controllers\DataProduk->tambahProduk()
 8 SYSTEMPATH\CodeIgniter.php(509): CodeIgniter\CodeIgniter->runController(Object(App\Controllers\DataProduk))
 9 SYSTEMPATH\CodeIgniter.php(355): CodeIgniter\CodeIgniter->handleRequest(null, Object(Config\Cache), false)
10 SYSTEMPATH\Boot.php(325): CodeIgniter\CodeIgniter->run()
11 SYSTEMPATH\Boot.php(67): CodeIgniter\Boot::runCodeIgniter(Object(CodeIgniter\CodeIgniter))
12 FCPATH\index.php(56): CodeIgniter\Boot::bootWeb(Object(Config\Paths))
13 SYSTEMPATH\rewrite.php(44): require_once('C:\\Users\\Administrator\\tokoOnlineCi4\\public\\index.php')
CRITICAL - 2024-12-20 09:49:48 --> [Caused by] CodeIgniter\Database\Exceptions\DatabaseException: Cannot add or update a child row: a foreign key constraint fails (`tokoonline`.`produk`, CONSTRAINT `fk_produk_kategori` FOREIGN KEY (`idKategori`) REFERENCES `kategoriproduk` (`idKategori`) ON DELETE CASCADE ON UPDATE CASCADE)
in SYSTEMPATH\Database\MySQLi\Connection.php on line 317.
 1 SYSTEMPATH\Database\BaseConnection.php(734): CodeIgniter\Database\MySQLi\Connection->execute('INSERT INTO `produk` (`idProduk`, `namaProduk`, `jenisProduk`, `hargaProduk`, `tersedia`, `gambarProduk`) VALUES (\'produk202412200949485970\', \'Baju Jeans\', \'Pakaian\', 20000, \'30 Pcs\', \'1734688188_b60afbd3806fb0ee10d0.jpg\')')
 2 SYSTEMPATH\Database\BaseConnection.php(648): CodeIgniter\Database\BaseConnection->simpleQuery('INSERT INTO `produk` (`idProduk`, `namaProduk`, `jenisProduk`, `hargaProduk`, `tersedia`, `gambarProduk`) VALUES (\'produk202412200949485970\', \'Baju Jeans\', \'Pakaian\', 20000, \'30 Pcs\', \'1734688188_b60afbd3806fb0ee10d0.jpg\')')
 3 SYSTEMPATH\Database\BaseBuilder.php(2340): CodeIgniter\Database\BaseConnection->query('INSERT INTO `produk` (`idProduk`, `namaProduk`, `jenisProduk`, `hargaProduk`, `tersedia`, `gambarProduk`) VALUES (:idProduk:, :namaProduk:, :jenisProduk:, :hargaProduk:, :tersedia:, :gambarProduk:)', [...], false)
 4 SYSTEMPATH\Model.php(394): CodeIgniter\Database\BaseBuilder->insert()
 5 SYSTEMPATH\BaseModel.php(840): CodeIgniter\Model->doInsert([...])
 6 SYSTEMPATH\Model.php(802): CodeIgniter\BaseModel->insert([...], true)
 7 APPPATH\Libraries\ProdukLibrary.php(34): CodeIgniter\Model->insert([...])
 8 APPPATH\Controllers\DataProduk.php(34): App\Libraries\ProdukLibrary->tambahProduk('Baju Jeans', 'Pakaian', 20000, '30 Pcs', '1734688188_b60afbd3806fb0ee10d0.jpg')
 9 SYSTEMPATH\CodeIgniter.php(933): App\Controllers\DataProduk->tambahProduk()
10 SYSTEMPATH\CodeIgniter.php(509): CodeIgniter\CodeIgniter->runController(Object(App\Controllers\DataProduk))
11 SYSTEMPATH\CodeIgniter.php(355): CodeIgniter\CodeIgniter->handleRequest(null, Object(Config\Cache), false)
12 SYSTEMPATH\Boot.php(325): CodeIgniter\CodeIgniter->run()
13 SYSTEMPATH\Boot.php(67): CodeIgniter\Boot::runCodeIgniter(Object(CodeIgniter\CodeIgniter))
14 FCPATH\index.php(56): CodeIgniter\Boot::bootWeb(Object(Config\Paths))
15 SYSTEMPATH\rewrite.php(44): require_once('C:\\Users\\Administrator\\tokoOnlineCi4\\public\\index.php')
CRITICAL - 2024-12-20 09:49:48 --> [Caused by] mysqli_sql_exception: Cannot add or update a child row: a foreign key constraint fails (`tokoonline`.`produk`, CONSTRAINT `fk_produk_kategori` FOREIGN KEY (`idKategori`) REFERENCES `kategoriproduk` (`idKategori`) ON DELETE CASCADE ON UPDATE CASCADE)
in SYSTEMPATH\Database\MySQLi\Connection.php on line 312.
 1 SYSTEMPATH\Database\MySQLi\Connection.php(312): mysqli->query('INSERT INTO `produk` (`idProduk`, `namaProduk`, `jenisProduk`, `hargaProduk`, `tersedia`, `gambarProduk`) VALUES (\'produk202412200949485970\', \'Baju Jeans\', \'Pakaian\', 20000, \'30 Pcs\', \'1734688188_b60afbd3806fb0ee10d0.jpg\')', 0)
 2 SYSTEMPATH\Database\BaseConnection.php(734): CodeIgniter\Database\MySQLi\Connection->execute('INSERT INTO `produk` (`idProduk`, `namaProduk`, `jenisProduk`, `hargaProduk`, `tersedia`, `gambarProduk`) VALUES (\'produk202412200949485970\', \'Baju Jeans\', \'Pakaian\', 20000, \'30 Pcs\', \'1734688188_b60afbd3806fb0ee10d0.jpg\')')
 3 SYSTEMPATH\Database\BaseConnection.php(648): CodeIgniter\Database\BaseConnection->simpleQuery('INSERT INTO `produk` (`idProduk`, `namaProduk`, `jenisProduk`, `hargaProduk`, `tersedia`, `gambarProduk`) VALUES (\'produk202412200949485970\', \'Baju Jeans\', \'Pakaian\', 20000, \'30 Pcs\', \'1734688188_b60afbd3806fb0ee10d0.jpg\')')
 4 SYSTEMPATH\Database\BaseBuilder.php(2340): CodeIgniter\Database\BaseConnection->query('INSERT INTO `produk` (`idProduk`, `namaProduk`, `jenisProduk`, `hargaProduk`, `tersedia`, `gambarProduk`) VALUES (:idProduk:, :namaProduk:, :jenisProduk:, :hargaProduk:, :tersedia:, :gambarProduk:)', [...], false)
 5 SYSTEMPATH\Model.php(394): CodeIgniter\Database\BaseBuilder->insert()
 6 SYSTEMPATH\BaseModel.php(840): CodeIgniter\Model->doInsert([...])
 7 SYSTEMPATH\Model.php(802): CodeIgniter\BaseModel->insert([...], true)
 8 APPPATH\Libraries\ProdukLibrary.php(34): CodeIgniter\Model->insert([...])
 9 APPPATH\Controllers\DataProduk.php(34): App\Libraries\ProdukLibrary->tambahProduk('Baju Jeans', 'Pakaian', 20000, '30 Pcs', '1734688188_b60afbd3806fb0ee10d0.jpg')
10 SYSTEMPATH\CodeIgniter.php(933): App\Controllers\DataProduk->tambahProduk()
11 SYSTEMPATH\CodeIgniter.php(509): CodeIgniter\CodeIgniter->runController(Object(App\Controllers\DataProduk))
12 SYSTEMPATH\CodeIgniter.php(355): CodeIgniter\CodeIgniter->handleRequest(null, Object(Config\Cache), false)
13 SYSTEMPATH\Boot.php(325): CodeIgniter\CodeIgniter->run()
14 SYSTEMPATH\Boot.php(67): CodeIgniter\Boot::runCodeIgniter(Object(CodeIgniter\CodeIgniter))
15 FCPATH\index.php(56): CodeIgniter\Boot::bootWeb(Object(Config\Paths))
16 SYSTEMPATH\rewrite.php(44): require_once('C:\\Users\\Administrator\\tokoOnlineCi4\\public\\index.php')
INFO - 2024-12-20 09:54:54 --> Session: Class initialized using 'CodeIgniter\Session\Handlers\FileHandler' driver.
CRITICAL - 2024-12-20 10:03:00 --> ParseError: syntax error, unexpected token ";", expecting ")"
[Method: GET, Route: produks]
in APPPATH\Views\produk.php on line 213.
 1 SYSTEMPATH\View\View.php(237): CodeIgniter\View\View->CodeIgniter\View\{closure}()
 2 SYSTEMPATH\Common.php(1171): CodeIgniter\View\View->render('produk', [], true)
 3 APPPATH\Controllers\DataProduk.php(18): view('produk')
 4 SYSTEMPATH\CodeIgniter.php(933): App\Controllers\DataProduk->tampilProduk()
 5 SYSTEMPATH\CodeIgniter.php(509): CodeIgniter\CodeIgniter->runController(Object(App\Controllers\DataProduk))
 6 SYSTEMPATH\CodeIgniter.php(355): CodeIgniter\CodeIgniter->handleRequest(null, Object(Config\Cache), false)
 7 SYSTEMPATH\Boot.php(325): CodeIgniter\CodeIgniter->run()
 8 SYSTEMPATH\Boot.php(67): CodeIgniter\Boot::runCodeIgniter(Object(CodeIgniter\CodeIgniter))
 9 FCPATH\index.php(56): CodeIgniter\Boot::bootWeb(Object(Config\Paths))
10 SYSTEMPATH\rewrite.php(44): require_once('C:\\Users\\Administrator\\tokoOnlineCi4\\public\\index.php')
CRITICAL - 2024-12-20 10:04:15 --> ErrorException: Undefined array key "photo"
[Method: GET, Route: produks]
in APPPATH\Views\produk.php on line 213.
 1 APPPATH\Views\produk.php(213): CodeIgniter\Debug\Exceptions->errorHandler(2, 'Undefined array key "photo"', 'C:\\Users\\Administrator\\tokoOnlineCi4\\app\\Views\\produk.php', 213)
 2 SYSTEMPATH\View\View.php(234): include('C:\\Users\\Administrator\\tokoOnlineCi4\\app\\Views\\produk.php')
 3 SYSTEMPATH\View\View.php(237): CodeIgniter\View\View->CodeIgniter\View\{closure}()
 4 SYSTEMPATH\Common.php(1171): CodeIgniter\View\View->render('produk', [], true)
 5 APPPATH\Controllers\DataProduk.php(18): view('produk')
 6 SYSTEMPATH\CodeIgniter.php(933): App\Controllers\DataProduk->tampilProduk()
 7 SYSTEMPATH\CodeIgniter.php(509): CodeIgniter\CodeIgniter->runController(Object(App\Controllers\DataProduk))
 8 SYSTEMPATH\CodeIgniter.php(355): CodeIgniter\CodeIgniter->handleRequest(null, Object(Config\Cache), false)
 9 SYSTEMPATH\Boot.php(325): CodeIgniter\CodeIgniter->run()
10 SYSTEMPATH\Boot.php(67): CodeIgniter\Boot::runCodeIgniter(Object(CodeIgniter\CodeIgniter))
11 FCPATH\index.php(56): CodeIgniter\Boot::bootWeb(Object(Config\Paths))
12 SYSTEMPATH\rewrite.php(44): require_once('C:\\Users\\Administrator\\tokoOnlineCi4\\public\\index.php')
INFO - 2024-12-20 23:50:54 --> Session: Class initialized using 'CodeIgniter\Session\Handlers\FileHandler' driver.
CRITICAL - 2024-12-20 23:53:21 --> CodeIgniter\HTTP\Exceptions\HTTPException: The original file is not a valid file.
[Method: POST, Route: produks]
in SYSTEMPATH\HTTP\Files\UploadedFile.php on line 142.
 1 SYSTEMPATH\HTTP\Files\UploadedFile.php(142): CodeIgniter\HTTP\Exceptions\HTTPException::forInvalidFile()
 2 APPPATH\Controllers\DataProduk.php(36): CodeIgniter\HTTP\Files\UploadedFile->move('C:\\Users\\Administrator\\tokoOnlineCi4\\/public/uploads/', '1734738801_609974bc2df168f6a8a4')
 3 SYSTEMPATH\CodeIgniter.php(933): App\Controllers\DataProduk->tambahProduk()
 4 SYSTEMPATH\CodeIgniter.php(509): CodeIgniter\CodeIgniter->runController(Object(App\Controllers\DataProduk))
 5 SYSTEMPATH\CodeIgniter.php(355): CodeIgniter\CodeIgniter->handleRequest(null, Object(Config\Cache), false)
 6 SYSTEMPATH\Boot.php(325): CodeIgniter\CodeIgniter->run()
 7 SYSTEMPATH\Boot.php(67): CodeIgniter\Boot::runCodeIgniter(Object(CodeIgniter\CodeIgniter))
 8 FCPATH\index.php(56): CodeIgniter\Boot::bootWeb(Object(Config\Paths))
 9 SYSTEMPATH\rewrite.php(44): require_once('C:\\Users\\Administrator\\tokoOnlineCi4\\public\\index.php')
INFO - 2024-12-20 23:54:08 --> Session: Class initialized using 'CodeIgniter\Session\Handlers\FileHandler' driver.
