CRITICAL - 2024-12-18 00:57:14 --> ErrorException: Undefined variable $namaKategori
[Method: GET, Route: kategoriProduk]
in APPPATH\Views\kategoriProduk.php on line 148.
 1 APPPATH\Views\kategoriProduk.php(148): CodeIgniter\Debug\Exceptions->errorHandler(2, 'Undefined variable $namaKategori', 'C:\\Users\\Administrator\\tokoOnlineCi4\\app\\Views\\kategoriProduk.php', 148)
 2 SYSTEMPATH\View\View.php(234): include('C:\\Users\\Administrator\\tokoOnlineCi4\\app\\Views\\kategoriProduk.php')
 3 SYSTEMPATH\View\View.php(237): CodeIgniter\View\View->CodeIgniter\View\{closure}()
 4 SYSTEMPATH\Common.php(1171): CodeIgniter\View\View->render('kategoriProduk', [], true)
 5 APPPATH\Controllers\Admin.php(20): view('kategoriProduk')
 6 SYSTEMPATH\CodeIgniter.php(933): App\Controllers\Admin->kategoriProduk()
 7 SYSTEMPATH\CodeIgniter.php(509): CodeIgniter\CodeIgniter->runController(Object(App\Controllers\Admin))
 8 SYSTEMPATH\CodeIgniter.php(355): CodeIgniter\CodeIgniter->handleRequest(null, Object(Config\Cache), false)
 9 SYSTEMPATH\Boot.php(325): CodeIgniter\CodeIgniter->run()
10 SYSTEMPATH\Boot.php(67): CodeIgniter\Boot::runCodeIgniter(Object(CodeIgniter\CodeIgniter))
11 FCPATH\index.php(56): CodeIgniter\Boot::bootWeb(Object(Config\Paths))
12 SYSTEMPATH\rewrite.php(44): require_once('C:\\Users\\Administrator\\tokoOnlineCi4\\public\\index.php')
CRITICAL - 2024-12-18 00:58:21 --> ErrorException: Undefined variable $namaKategori
[Method: GET, Route: kategoriProduk]
in APPPATH\Views\kategoriProduk.php on line 148.
 1 APPPATH\Views\kategoriProduk.php(148): CodeIgniter\Debug\Exceptions->errorHandler(2, 'Undefined variable $namaKategori', 'C:\\Users\\Administrator\\tokoOnlineCi4\\app\\Views\\kategoriProduk.php', 148)
 2 SYSTEMPATH\View\View.php(234): include('C:\\Users\\Administrator\\tokoOnlineCi4\\app\\Views\\kategoriProduk.php')
 3 SYSTEMPATH\View\View.php(237): CodeIgniter\View\View->CodeIgniter\View\{closure}()
 4 SYSTEMPATH\Common.php(1171): CodeIgniter\View\View->render('kategoriProduk', [], true)
 5 APPPATH\Controllers\Admin.php(20): view('kategoriProduk')
 6 SYSTEMPATH\CodeIgniter.php(933): App\Controllers\Admin->kategoriProduk()
 7 SYSTEMPATH\CodeIgniter.php(509): CodeIgniter\CodeIgniter->runController(Object(App\Controllers\Admin))
 8 SYSTEMPATH\CodeIgniter.php(355): CodeIgniter\CodeIgniter->handleRequest(null, Object(Config\Cache), false)
 9 SYSTEMPATH\Boot.php(325): CodeIgniter\CodeIgniter->run()
10 SYSTEMPATH\Boot.php(67): CodeIgniter\Boot::runCodeIgniter(Object(CodeIgniter\CodeIgniter))
11 FCPATH\index.php(56): CodeIgniter\Boot::bootWeb(Object(Config\Paths))
12 SYSTEMPATH\rewrite.php(44): require_once('C:\\Users\\Administrator\\tokoOnlineCi4\\public\\index.php')
CRITICAL - 2024-12-18 01:27:33 --> ArgumentCountError: rand() expects exactly 2 arguments, 1 given
[Method: POST, Route: kategoriProduk]
in APPPATH\Libraries\KategoriProdukLibrary.php on line 18.
 1 APPPATH\Libraries\KategoriProdukLibrary.php(18): rand(10)
 2 APPPATH\Controllers\Admin.php(32): App\Libraries\KategoriProdukLibrary->menyimpanKategori('Pakaian Bayi', 'Pakaian', 'Pakaian Bayi Murah Meriah Dompet tipis')
 3 SYSTEMPATH\CodeIgniter.php(933): App\Controllers\Admin->tambahKategori()
 4 SYSTEMPATH\CodeIgniter.php(509): CodeIgniter\CodeIgniter->runController(Object(App\Controllers\Admin))
 5 SYSTEMPATH\CodeIgniter.php(355): CodeIgniter\CodeIgniter->handleRequest(null, Object(Config\Cache), false)
 6 SYSTEMPATH\Boot.php(325): CodeIgniter\CodeIgniter->run()
 7 SYSTEMPATH\Boot.php(67): CodeIgniter\Boot::runCodeIgniter(Object(CodeIgniter\CodeIgniter))
 8 FCPATH\index.php(56): CodeIgniter\Boot::bootWeb(Object(Config\Paths))
 9 SYSTEMPATH\rewrite.php(44): require_once('C:\\Users\\Administrator\\tokoOnlineCi4\\public\\index.php')
INFO - 2024-12-18 01:31:32 --> Session: Class initialized using 'CodeIgniter\Session\Handlers\FileHandler' driver.
INFO - 2024-12-18 01:32:57 --> Session: Class initialized using 'CodeIgniter\Session\Handlers\FileHandler' driver.
INFO - 2024-12-18 01:34:28 --> Session: Class initialized using 'CodeIgniter\Session\Handlers\FileHandler' driver.
INFO - 2024-12-18 01:36:12 --> Session: Class initialized using 'CodeIgniter\Session\Handlers\FileHandler' driver.
INFO - 2024-12-18 01:36:42 --> Session: Class initialized using 'CodeIgniter\Session\Handlers\FileHandler' driver.
INFO - 2024-12-18 01:37:04 --> Session: Class initialized using 'CodeIgniter\Session\Handlers\FileHandler' driver.
ERROR - 2024-12-18 01:45:26 --> mysqli_sql_exception: Unknown column 'updated_at' in 'field list' in C:\Users\Administrator\tokoOnlineCi4\system\Database\MySQLi\Connection.php:312
Stack trace:
#0 C:\Users\Administrator\tokoOnlineCi4\system\Database\MySQLi\Connection.php(312): mysqli->query('UPDATE `kategor...', 0)
#1 C:\Users\Administrator\tokoOnlineCi4\system\Database\BaseConnection.php(734): CodeIgniter\Database\MySQLi\Connection->execute('UPDATE `kategor...')
#2 C:\Users\Administrator\tokoOnlineCi4\system\Database\BaseConnection.php(648): CodeIgniter\Database\BaseConnection->simpleQuery('UPDATE `kategor...')
#3 C:\Users\Administrator\tokoOnlineCi4\system\Database\BaseBuilder.php(2516): CodeIgniter\Database\BaseConnection->query('UPDATE `kategor...', Array, false)
#4 C:\Users\Administrator\tokoOnlineCi4\system\Model.php(461): CodeIgniter\Database\BaseBuilder->update()
#5 C:\Users\Administrator\tokoOnlineCi4\system\BaseModel.php(1028): CodeIgniter\Model->doUpdate(Array, Array)
#6 C:\Users\Administrator\tokoOnlineCi4\system\Model.php(865): CodeIgniter\BaseModel->update(Array, Array)
#7 C:\Users\Administrator\tokoOnlineCi4\system\BaseModel.php(749): CodeIgniter\Model->update('kategori2024121...', Array)
#8 C:\Users\Administrator\tokoOnlineCi4\app\Libraries\KategoriProdukLibrary.php(26): CodeIgniter\BaseModel->save(Array)
#9 C:\Users\Administrator\tokoOnlineCi4\app\Controllers\Admin.php(32): App\Libraries\KategoriProdukLibrary->menyimpanKategori('Pakaian Bayi', 'Pakaian', 'Pakaian Bayi Mu...')
#10 C:\Users\Administrator\tokoOnlineCi4\system\CodeIgniter.php(933): App\Controllers\Admin->tambahKategori()
#11 C:\Users\Administrator\tokoOnlineCi4\system\CodeIgniter.php(509): CodeIgniter\CodeIgniter->runController(Object(App\Controllers\Admin))
#12 C:\Users\Administrator\tokoOnlineCi4\system\CodeIgniter.php(355): CodeIgniter\CodeIgniter->handleRequest(NULL, Object(Config\Cache), false)
#13 C:\Users\Administrator\tokoOnlineCi4\system\Boot.php(325): CodeIgniter\CodeIgniter->run()
#14 C:\Users\Administrator\tokoOnlineCi4\system\Boot.php(67): CodeIgniter\Boot::runCodeIgniter(Object(CodeIgniter\CodeIgniter))
#15 C:\Users\Administrator\tokoOnlineCi4\public\index.php(56): CodeIgniter\Boot::bootWeb(Object(Config\Paths))
#16 C:\Users\Administrator\tokoOnlineCi4\system\rewrite.php(44): require_once('C:\\Users\\Admini...')
#17 {main}
CRITICAL - 2024-12-18 01:45:26 --> CodeIgniter\Database\Exceptions\DatabaseException: Unknown column 'updated_at' in 'field list'
[Method: POST, Route: tambahKategoriProduk]
in SYSTEMPATH\Database\BaseConnection.php on line 688.
 1 SYSTEMPATH\Database\BaseBuilder.php(2516): CodeIgniter\Database\BaseConnection->query('UPDATE `kategoriproduk` SET `idKategori` = :idKategori:, `namaKategori` = :namaKategori:, `jenisKategori` = :jenisKategori:, `deskripsiKategori` = :deskripsiKategori:, `updated_at` = :updated_at:
WHERE `kategoriproduk`.`idKategori` IN :kategoriproduk.idKategori:', [...], false)
 2 SYSTEMPATH\Model.php(461): CodeIgniter\Database\BaseBuilder->update()
 3 SYSTEMPATH\BaseModel.php(1028): CodeIgniter\Model->doUpdate([...], [...])
 4 SYSTEMPATH\Model.php(865): CodeIgniter\BaseModel->update([...], [...])
 5 SYSTEMPATH\BaseModel.php(749): CodeIgniter\Model->update('kategori202412180145266348', [...])
 6 APPPATH\Libraries\KategoriProdukLibrary.php(26): CodeIgniter\BaseModel->save([...])
 7 APPPATH\Controllers\Admin.php(32): App\Libraries\KategoriProdukLibrary->menyimpanKategori('Pakaian Bayi', 'Pakaian', 'Pakaian Bayi Murah Meriah Dompet tipis')
 8 SYSTEMPATH\CodeIgniter.php(933): App\Controllers\Admin->tambahKategori()
 9 SYSTEMPATH\CodeIgniter.php(509): CodeIgniter\CodeIgniter->runController(Object(App\Controllers\Admin))
10 SYSTEMPATH\CodeIgniter.php(355): CodeIgniter\CodeIgniter->handleRequest(null, Object(Config\Cache), false)
11 SYSTEMPATH\Boot.php(325): CodeIgniter\CodeIgniter->run()
12 SYSTEMPATH\Boot.php(67): CodeIgniter\Boot::runCodeIgniter(Object(CodeIgniter\CodeIgniter))
13 FCPATH\index.php(56): CodeIgniter\Boot::bootWeb(Object(Config\Paths))
14 SYSTEMPATH\rewrite.php(44): require_once('C:\\Users\\Administrator\\tokoOnlineCi4\\public\\index.php')
CRITICAL - 2024-12-18 01:45:26 --> [Caused by] CodeIgniter\Database\Exceptions\DatabaseException: Unknown column 'updated_at' in 'field list'
in SYSTEMPATH\Database\MySQLi\Connection.php on line 317.
 1 SYSTEMPATH\Database\BaseConnection.php(734): CodeIgniter\Database\MySQLi\Connection->execute('UPDATE `kategoriproduk` SET `idKategori` = \'kategori202412180145266348\', `namaKategori` = \'Pakaian Bayi\', `jenisKategori` = \'Pakaian\', `deskripsiKategori` = \'Pakaian Bayi Murah Meriah Dompet tipis\', `updated_at` = \'2024-12-18 01:45:26\'
WHERE `kategoriproduk`.`idKategori` IN (\'kategori202412180145266348\')')
 2 SYSTEMPATH\Database\BaseConnection.php(648): CodeIgniter\Database\BaseConnection->simpleQuery('UPDATE `kategoriproduk` SET `idKategori` = \'kategori202412180145266348\', `namaKategori` = \'Pakaian Bayi\', `jenisKategori` = \'Pakaian\', `deskripsiKategori` = \'Pakaian Bayi Murah Meriah Dompet tipis\', `updated_at` = \'2024-12-18 01:45:26\'
WHERE `kategoriproduk`.`idKategori` IN (\'kategori202412180145266348\')')
 3 SYSTEMPATH\Database\BaseBuilder.php(2516): CodeIgniter\Database\BaseConnection->query('UPDATE `kategoriproduk` SET `idKategori` = :idKategori:, `namaKategori` = :namaKategori:, `jenisKategori` = :jenisKategori:, `deskripsiKategori` = :deskripsiKategori:, `updated_at` = :updated_at:
WHERE `kategoriproduk`.`idKategori` IN :kategoriproduk.idKategori:', [...], false)
 4 SYSTEMPATH\Model.php(461): CodeIgniter\Database\BaseBuilder->update()
 5 SYSTEMPATH\BaseModel.php(1028): CodeIgniter\Model->doUpdate([...], [...])
 6 SYSTEMPATH\Model.php(865): CodeIgniter\BaseModel->update([...], [...])
 7 SYSTEMPATH\BaseModel.php(749): CodeIgniter\Model->update('kategori202412180145266348', [...])
 8 APPPATH\Libraries\KategoriProdukLibrary.php(26): CodeIgniter\BaseModel->save([...])
 9 APPPATH\Controllers\Admin.php(32): App\Libraries\KategoriProdukLibrary->menyimpanKategori('Pakaian Bayi', 'Pakaian', 'Pakaian Bayi Murah Meriah Dompet tipis')
10 SYSTEMPATH\CodeIgniter.php(933): App\Controllers\Admin->tambahKategori()
11 SYSTEMPATH\CodeIgniter.php(509): CodeIgniter\CodeIgniter->runController(Object(App\Controllers\Admin))
12 SYSTEMPATH\CodeIgniter.php(355): CodeIgniter\CodeIgniter->handleRequest(null, Object(Config\Cache), false)
13 SYSTEMPATH\Boot.php(325): CodeIgniter\CodeIgniter->run()
14 SYSTEMPATH\Boot.php(67): CodeIgniter\Boot::runCodeIgniter(Object(CodeIgniter\CodeIgniter))
15 FCPATH\index.php(56): CodeIgniter\Boot::bootWeb(Object(Config\Paths))
16 SYSTEMPATH\rewrite.php(44): require_once('C:\\Users\\Administrator\\tokoOnlineCi4\\public\\index.php')
CRITICAL - 2024-12-18 01:45:26 --> [Caused by] mysqli_sql_exception: Unknown column 'updated_at' in 'field list'
in SYSTEMPATH\Database\MySQLi\Connection.php on line 312.
 1 SYSTEMPATH\Database\MySQLi\Connection.php(312): mysqli->query('UPDATE `kategoriproduk` SET `idKategori` = \'kategori202412180145266348\', `namaKategori` = \'Pakaian Bayi\', `jenisKategori` = \'Pakaian\', `deskripsiKategori` = \'Pakaian Bayi Murah Meriah Dompet tipis\', `updated_at` = \'2024-12-18 01:45:26\'
WHERE `kategoriproduk`.`idKategori` IN (\'kategori202412180145266348\')', 0)
 2 SYSTEMPATH\Database\BaseConnection.php(734): CodeIgniter\Database\MySQLi\Connection->execute('UPDATE `kategoriproduk` SET `idKategori` = \'kategori202412180145266348\', `namaKategori` = \'Pakaian Bayi\', `jenisKategori` = \'Pakaian\', `deskripsiKategori` = \'Pakaian Bayi Murah Meriah Dompet tipis\', `updated_at` = \'2024-12-18 01:45:26\'
WHERE `kategoriproduk`.`idKategori` IN (\'kategori202412180145266348\')')
 3 SYSTEMPATH\Database\BaseConnection.php(648): CodeIgniter\Database\BaseConnection->simpleQuery('UPDATE `kategoriproduk` SET `idKategori` = \'kategori202412180145266348\', `namaKategori` = \'Pakaian Bayi\', `jenisKategori` = \'Pakaian\', `deskripsiKategori` = \'Pakaian Bayi Murah Meriah Dompet tipis\', `updated_at` = \'2024-12-18 01:45:26\'
WHERE `kategoriproduk`.`idKategori` IN (\'kategori202412180145266348\')')
 4 SYSTEMPATH\Database\BaseBuilder.php(2516): CodeIgniter\Database\BaseConnection->query('UPDATE `kategoriproduk` SET `idKategori` = :idKategori:, `namaKategori` = :namaKategori:, `jenisKategori` = :jenisKategori:, `deskripsiKategori` = :deskripsiKategori:, `updated_at` = :updated_at:
WHERE `kategoriproduk`.`idKategori` IN :kategoriproduk.idKategori:', [...], false)
 5 SYSTEMPATH\Model.php(461): CodeIgniter\Database\BaseBuilder->update()
 6 SYSTEMPATH\BaseModel.php(1028): CodeIgniter\Model->doUpdate([...], [...])
 7 SYSTEMPATH\Model.php(865): CodeIgniter\BaseModel->update([...], [...])
 8 SYSTEMPATH\BaseModel.php(749): CodeIgniter\Model->update('kategori202412180145266348', [...])
 9 APPPATH\Libraries\KategoriProdukLibrary.php(26): CodeIgniter\BaseModel->save([...])
10 APPPATH\Controllers\Admin.php(32): App\Libraries\KategoriProdukLibrary->menyimpanKategori('Pakaian Bayi', 'Pakaian', 'Pakaian Bayi Murah Meriah Dompet tipis')
11 SYSTEMPATH\CodeIgniter.php(933): App\Controllers\Admin->tambahKategori()
12 SYSTEMPATH\CodeIgniter.php(509): CodeIgniter\CodeIgniter->runController(Object(App\Controllers\Admin))
13 SYSTEMPATH\CodeIgniter.php(355): CodeIgniter\CodeIgniter->handleRequest(null, Object(Config\Cache), false)
14 SYSTEMPATH\Boot.php(325): CodeIgniter\CodeIgniter->run()
15 SYSTEMPATH\Boot.php(67): CodeIgniter\Boot::runCodeIgniter(Object(CodeIgniter\CodeIgniter))
16 FCPATH\index.php(56): CodeIgniter\Boot::bootWeb(Object(Config\Paths))
17 SYSTEMPATH\rewrite.php(44): require_once('C:\\Users\\Administrator\\tokoOnlineCi4\\public\\index.php')
INFO - 2024-12-18 01:45:50 --> Session: Class initialized using 'CodeIgniter\Session\Handlers\FileHandler' driver.
INFO - 2024-12-18 01:46:18 --> Session: Class initialized using 'CodeIgniter\Session\Handlers\FileHandler' driver.
INFO - 2024-12-18 01:50:02 --> Session: Class initialized using 'CodeIgniter\Session\Handlers\FileHandler' driver.
INFO - 2024-12-18 01:52:06 --> Session: Class initialized using 'CodeIgniter\Session\Handlers\FileHandler' driver.
INFO - 2024-12-18 01:57:18 --> Session: Class initialized using 'CodeIgniter\Session\Handlers\FileHandler' driver.
INFO - 2024-12-18 02:01:44 --> Session: Class initialized using 'CodeIgniter\Session\Handlers\FileHandler' driver.
INFO - 2024-12-18 02:06:22 --> Session: Class initialized using 'CodeIgniter\Session\Handlers\FileHandler' driver.
INFO - 2024-12-18 03:42:28 --> Session: Class initialized using 'CodeIgniter\Session\Handlers\FileHandler' driver.
INFO - 2024-12-18 03:54:15 --> Session: Class initialized using 'CodeIgniter\Session\Handlers\FileHandler' driver.
INFO - 2024-12-18 03:54:23 --> Session: Class initialized using 'CodeIgniter\Session\Handlers\FileHandler' driver.
INFO - 2024-12-18 03:54:46 --> Session: Class initialized using 'CodeIgniter\Session\Handlers\FileHandler' driver.
INFO - 2024-12-18 03:57:47 --> Session: Class initialized using 'CodeIgniter\Session\Handlers\FileHandler' driver.
INFO - 2024-12-18 04:04:39 --> Session: Class initialized using 'CodeIgniter\Session\Handlers\FileHandler' driver.
INFO - 2024-12-18 04:09:53 --> Session: Class initialized using 'CodeIgniter\Session\Handlers\FileHandler' driver.
INFO - 2024-12-18 04:11:39 --> Session: Class initialized using 'CodeIgniter\Session\Handlers\FileHandler' driver.
ERROR - 2024-12-18 04:11:56 --> Error connecting to the database: mysqli_sql_exception: Unknown database 'tokoonlines' in C:\Users\Administrator\tokoOnlineCi4\system\Database\MySQLi\Connection.php:186
Stack trace:
#0 C:\Users\Administrator\tokoOnlineCi4\system\Database\MySQLi\Connection.php(186): mysqli->real_connect('localhost', 'root', Object(SensitiveParameterValue), 'tokoOnlines', 3306, '', 0)
#1 C:\Users\Administrator\tokoOnlineCi4\system\Database\BaseConnection.php(421): CodeIgniter\Database\MySQLi\Connection->connect(false)
#2 C:\Users\Administrator\tokoOnlineCi4\system\Database\BaseConnection.php(616): CodeIgniter\Database\BaseConnection->initialize()
#3 C:\Users\Administrator\tokoOnlineCi4\system\Database\BaseBuilder.php(1644): CodeIgniter\Database\BaseConnection->query('SELECT *\nFROM `...', Array, false)
#4 C:\Users\Administrator\tokoOnlineCi4\system\Model.php(286): CodeIgniter\Database\BaseBuilder->get()
#5 C:\Users\Administrator\tokoOnlineCi4\system\BaseModel.php(676): CodeIgniter\Model->doFindAll(0, 0)
#6 C:\Users\Administrator\tokoOnlineCi4\app\Controllers\Admin.php(19): CodeIgniter\BaseModel->findAll()
#7 C:\Users\Administrator\tokoOnlineCi4\system\CodeIgniter.php(933): App\Controllers\Admin->kategoriProduk()
#8 C:\Users\Administrator\tokoOnlineCi4\system\CodeIgniter.php(509): CodeIgniter\CodeIgniter->runController(Object(App\Controllers\Admin))
#9 C:\Users\Administrator\tokoOnlineCi4\system\CodeIgniter.php(355): CodeIgniter\CodeIgniter->handleRequest(NULL, Object(Config\Cache), false)
#10 C:\Users\Administrator\tokoOnlineCi4\system\Boot.php(325): CodeIgniter\CodeIgniter->run()
#11 C:\Users\Administrator\tokoOnlineCi4\system\Boot.php(67): CodeIgniter\Boot::runCodeIgniter(Object(CodeIgniter\CodeIgniter))
#12 C:\Users\Administrator\tokoOnlineCi4\public\index.php(56): CodeIgniter\Boot::bootWeb(Object(Config\Paths))
#13 C:\Users\Administrator\tokoOnlineCi4\system\rewrite.php(44): require_once('C:\\Users\\Admini...')
#14 {main}

Next CodeIgniter\Database\Exceptions\DatabaseException: Unknown database 'tokoonlines' in C:\Users\Administrator\tokoOnlineCi4\system\Database\MySQLi\Connection.php:231
Stack trace:
#0 C:\Users\Administrator\tokoOnlineCi4\system\Database\BaseConnection.php(421): CodeIgniter\Database\MySQLi\Connection->connect(false)
#1 C:\Users\Administrator\tokoOnlineCi4\system\Database\BaseConnection.php(616): CodeIgniter\Database\BaseConnection->initialize()
#2 C:\Users\Administrator\tokoOnlineCi4\system\Database\BaseBuilder.php(1644): CodeIgniter\Database\BaseConnection->query('SELECT *\nFROM `...', Array, false)
#3 C:\Users\Administrator\tokoOnlineCi4\system\Model.php(286): CodeIgniter\Database\BaseBuilder->get()
#4 C:\Users\Administrator\tokoOnlineCi4\system\BaseModel.php(676): CodeIgniter\Model->doFindAll(0, 0)
#5 C:\Users\Administrator\tokoOnlineCi4\app\Controllers\Admin.php(19): CodeIgniter\BaseModel->findAll()
#6 C:\Users\Administrator\tokoOnlineCi4\system\CodeIgniter.php(933): App\Controllers\Admin->kategoriProduk()
#7 C:\Users\Administrator\tokoOnlineCi4\system\CodeIgniter.php(509): CodeIgniter\CodeIgniter->runController(Object(App\Controllers\Admin))
#8 C:\Users\Administrator\tokoOnlineCi4\system\CodeIgniter.php(355): CodeIgniter\CodeIgniter->handleRequest(NULL, Object(Config\Cache), false)
#9 C:\Users\Administrator\tokoOnlineCi4\system\Boot.php(325): CodeIgniter\CodeIgniter->run()
#10 C:\Users\Administrator\tokoOnlineCi4\system\Boot.php(67): CodeIgniter\Boot::runCodeIgniter(Object(CodeIgniter\CodeIgniter))
#11 C:\Users\Administrator\tokoOnlineCi4\public\index.php(56): CodeIgniter\Boot::bootWeb(Object(Config\Paths))
#12 C:\Users\Administrator\tokoOnlineCi4\system\rewrite.php(44): require_once('C:\\Users\\Admini...')
#13 {main}
CRITICAL - 2024-12-18 04:11:56 --> CodeIgniter\Database\Exceptions\DatabaseException: Unable to connect to the database.
Main connection [MySQLi]: Unknown database 'tokoonlines'
[Method: GET, Route: kategoriProduk]
in SYSTEMPATH\Database\BaseConnection.php on line 467.
 1 SYSTEMPATH\Database\BaseConnection.php(616): CodeIgniter\Database\BaseConnection->initialize()
 2 SYSTEMPATH\Database\BaseBuilder.php(1644): CodeIgniter\Database\BaseConnection->query('SELECT *
FROM `kategoriproduk`', [], false)
 3 SYSTEMPATH\Model.php(286): CodeIgniter\Database\BaseBuilder->get()
 4 SYSTEMPATH\BaseModel.php(676): CodeIgniter\Model->doFindAll(0, 0)
 5 APPPATH\Controllers\Admin.php(19): CodeIgniter\BaseModel->findAll()
 6 SYSTEMPATH\CodeIgniter.php(933): App\Controllers\Admin->kategoriProduk()
 7 SYSTEMPATH\CodeIgniter.php(509): CodeIgniter\CodeIgniter->runController(Object(App\Controllers\Admin))
 8 SYSTEMPATH\CodeIgniter.php(355): CodeIgniter\CodeIgniter->handleRequest(null, Object(Config\Cache), false)
 9 SYSTEMPATH\Boot.php(325): CodeIgniter\CodeIgniter->run()
10 SYSTEMPATH\Boot.php(67): CodeIgniter\Boot::runCodeIgniter(Object(CodeIgniter\CodeIgniter))
11 FCPATH\index.php(56): CodeIgniter\Boot::bootWeb(Object(Config\Paths))
12 SYSTEMPATH\rewrite.php(44): require_once('C:\\Users\\Administrator\\tokoOnlineCi4\\public\\index.php')
INFO - 2024-12-18 04:12:09 --> Session: Class initialized using 'CodeIgniter\Session\Handlers\FileHandler' driver.
INFO - 2024-12-18 04:17:24 --> Session: Class initialized using 'CodeIgniter\Session\Handlers\FileHandler' driver.
CRITICAL - 2024-12-18 04:23:45 --> TypeError: App\Libraries\KategoriProdukLibrary::menyimpanKategori(): Return value must be of type bool, none returned
[Method: POST, Route: tambahKategoriProduk]
in APPPATH\Libraries\KategoriProdukLibrary.php on line 31.
 1 APPPATH\Controllers\Admin.php(36): App\Libraries\KategoriProdukLibrary->menyimpanKategori('Pakaian Bayi', 'Pakaian', 'Pakaian Bayi Murah Meriah Dompet Tipis')
 2 SYSTEMPATH\CodeIgniter.php(933): App\Controllers\Admin->tambahKategori()
 3 SYSTEMPATH\CodeIgniter.php(509): CodeIgniter\CodeIgniter->runController(Object(App\Controllers\Admin))
 4 SYSTEMPATH\CodeIgniter.php(355): CodeIgniter\CodeIgniter->handleRequest(null, Object(Config\Cache), false)
 5 SYSTEMPATH\Boot.php(325): CodeIgniter\CodeIgniter->run()
 6 SYSTEMPATH\Boot.php(67): CodeIgniter\Boot::runCodeIgniter(Object(CodeIgniter\CodeIgniter))
 7 FCPATH\index.php(56): CodeIgniter\Boot::bootWeb(Object(Config\Paths))
 8 SYSTEMPATH\rewrite.php(44): require_once('C:\\Users\\Administrator\\tokoOnlineCi4\\public\\index.php')
INFO - 2024-12-18 04:24:06 --> Session: Class initialized using 'CodeIgniter\Session\Handlers\FileHandler' driver.
INFO - 2024-12-18 04:24:19 --> Session: Class initialized using 'CodeIgniter\Session\Handlers\FileHandler' driver.
ERROR - 2024-12-18 04:39:15 --> Gagal menyimpan data kategori: Array
(
)

INFO - 2024-12-18 04:39:15 --> Session: Class initialized using 'CodeIgniter\Session\Handlers\FileHandler' driver.
INFO - 2024-12-18 07:05:57 --> Session: Class initialized using 'CodeIgniter\Session\Handlers\FileHandler' driver.
INFO - 2024-12-18 07:06:07 --> Session: Class initialized using 'CodeIgniter\Session\Handlers\FileHandler' driver.
